<?xml version="1.0"?>
<!DOCTYPE coverage SYSTEM "http://cobertura.sourceforge.net/xml/coverage-04.dtd">

<coverage line-rate="0.3876146788990826" branch-rate="0.09210526315789473" lines-covered="169" lines-valid="436" branches-covered="21" branches-valid="228" complexity="1.27007299270073" version="2.1.1" timestamp="1483531818231">
	<sources>
		<source>/home/r/repo/src/main/java</source>
		<source>--source</source>
		<source>/home/r/repo/target/generated-sources/annotations</source>
	</sources>
	<packages>
		<package name="com.jcabi.s3" line-rate="0.49122807017543857" branch-rate="0.11403508771929824" complexity="1.4507042253521127">
			<classes>
				<class name="com.jcabi.s3.AwsBucket" filename="com/jcabi/s3/AwsBucket.java" line-rate="0.5172413793103449" branch-rate="0.0" complexity="1.4">
					<methods>
						<method name="&lt;clinit&gt;" signature="()V" line-rate="1.0" branch-rate="1.0" complexity="0">
							<lines>
							</lines>
						</method>
						<method name="&lt;init&gt;" signature="(Lcom/jcabi/s3/Region;Ljava/lang/String;)V" line-rate="1.0" branch-rate="1.0" complexity="0">
							<lines>
								<line number="70" hits="5" branch="false"/>
								<line number="71" hits="5" branch="false"/>
								<line number="72" hits="5" branch="false"/>
								<line number="73" hits="5" branch="false"/>
							</lines>
						</method>
						<method name="access$000" signature="(Lcom/jcabi/s3/AwsBucket;)Lcom/jcabi/s3/Region;" line-rate="1.0" branch-rate="1.0" complexity="0">
							<lines>
							</lines>
						</method>
						<method name="access$100" signature="(Lcom/jcabi/s3/AwsBucket;)Ljava/lang/String;" line-rate="1.0" branch-rate="1.0" complexity="0">
							<lines>
								<line number="53" hits="2" branch="false"/>
							</lines>
						</method>
						<method name="ajc$preClinit" signature="()V" line-rate="1.0" branch-rate="1.0" complexity="0">
							<lines>
								<line number="1" hits="2" branch="false"/>
							</lines>
						</method>
						<method name="compareTo" signature="(Lcom/jcabi/s3/Bucket;)I" line-rate="1.0" branch-rate="1.0" complexity="0">
							<lines>
							</lines>
						</method>
						<method name="compareTo" signature="(Ljava/lang/Object;)I" line-rate="0.0" branch-rate="1.0" complexity="0">
							<lines>
								<line number="49" hits="0" branch="false"/>
							</lines>
						</method>
						<method name="compareTo_aroundBody12" signature="(Lcom/jcabi/s3/AwsBucket;Lcom/jcabi/s3/Bucket;Lorg/aspectj/lang/JoinPoint;)I" line-rate="0.0" branch-rate="1.0" complexity="0">
							<lines>
								<line number="150" hits="0" branch="false"/>
							</lines>
						</method>
						<method name="equals" signature="(Ljava/lang/Object;)Z" line-rate="1.0" branch-rate="1.0" complexity="0">
							<lines>
							</lines>
						</method>
						<method name="exists" signature="()Z" line-rate="1.0" branch-rate="1.0" complexity="0">
							<lines>
							</lines>
						</method>
						<method name="exists_aroundBody6" signature="(Lcom/jcabi/s3/AwsBucket;Lorg/aspectj/lang/JoinPoint;)Z" line-rate="1.0" branch-rate="1.0" complexity="0">
							<lines>
								<line number="97" hits="6" branch="false"/>
								<line number="100" hits="3" branch="false"/>
								<line number="101" hits="1" branch="false"/>
								<line number="102" hits="1" branch="false"/>
								<line number="109" hits="2" branch="false"/>
								<line number="110" hits="2" branch="false"/>
								<line number="111" hits="2" branch="false"/>
							</lines>
						</method>
						<method name="hashCode" signature="()I" line-rate="0.0" branch-rate="0.0" complexity="0">
							<lines>
								<line number="50" hits="0" branch="true" condition-coverage="0% (0/20)">
									<conditions>
										<condition number="0" type="jump" coverage="0%"/>
										<condition number="1" type="jump" coverage="0%"/>
										<condition number="2" type="jump" coverage="0%"/>
										<condition number="3" type="jump" coverage="0%"/>
										<condition number="4" type="jump" coverage="0%"/>
										<condition number="5" type="jump" coverage="0%"/>
										<condition number="6" type="jump" coverage="0%"/>
										<condition number="7" type="jump" coverage="0%"/>
										<condition number="8" type="jump" coverage="0%"/>
										<condition number="9" type="jump" coverage="0%"/>
									</conditions>
								</line>
							</lines>
						</method>
						<method name="list" signature="(Ljava/lang/String;)Ljava/lang/Iterable;" line-rate="1.0" branch-rate="1.0" complexity="0">
							<lines>
							</lines>
						</method>
						<method name="list_aroundBody10" signature="(Lcom/jcabi/s3/AwsBucket;Ljava/lang/String;Lorg/aspectj/lang/JoinPoint;)Ljava/lang/Iterable;" line-rate="1.0" branch-rate="1.0" complexity="0">
							<lines>
								<line number="138" hits="2" branch="false"/>
							</lines>
						</method>
						<method name="name" signature="()Ljava/lang/String;" line-rate="1.0" branch-rate="1.0" complexity="0">
							<lines>
							</lines>
						</method>
						<method name="name_aroundBody2" signature="(Lcom/jcabi/s3/AwsBucket;Lorg/aspectj/lang/JoinPoint;)Ljava/lang/String;" line-rate="0.0" branch-rate="1.0" complexity="0">
							<lines>
								<line number="87" hits="0" branch="false"/>
							</lines>
						</method>
						<method name="ocket" signature="(Ljava/lang/String;)Lcom/jcabi/s3/Ocket;" line-rate="1.0" branch-rate="1.0" complexity="0">
							<lines>
							</lines>
						</method>
						<method name="ocket_aroundBody4" signature="(Lcom/jcabi/s3/AwsBucket;Ljava/lang/String;Lorg/aspectj/lang/JoinPoint;)Lcom/jcabi/s3/Ocket;" line-rate="1.0" branch-rate="1.0" complexity="0">
							<lines>
								<line number="92" hits="2" branch="false"/>
							</lines>
						</method>
						<method name="region" signature="()Lcom/jcabi/s3/Region;" line-rate="1.0" branch-rate="1.0" complexity="0">
							<lines>
							</lines>
						</method>
						<method name="region_aroundBody0" signature="(Lcom/jcabi/s3/AwsBucket;Lorg/aspectj/lang/JoinPoint;)Lcom/jcabi/s3/Region;" line-rate="0.0" branch-rate="1.0" complexity="0">
							<lines>
								<line number="82" hits="0" branch="false"/>
							</lines>
						</method>
						<method name="remove" signature="(Ljava/lang/String;)V" line-rate="1.0" branch-rate="1.0" complexity="0">
							<lines>
							</lines>
						</method>
						<method name="remove_aroundBody8" signature="(Lcom/jcabi/s3/AwsBucket;Ljava/lang/String;Lorg/aspectj/lang/JoinPoint;)V" line-rate="0.0" branch-rate="1.0" complexity="0">
							<lines>
								<line number="117" hits="0" branch="false"/>
								<line number="118" hits="0" branch="false"/>
								<line number="119" hits="0" branch="false"/>
								<line number="120" hits="0" branch="false"/>
								<line number="125" hits="0" branch="false"/>
								<line number="126" hits="0" branch="false"/>
								<line number="133" hits="0" branch="false"/>
								<line number="134" hits="0" branch="false"/>
							</lines>
						</method>
						<method name="toString" signature="()Ljava/lang/String;" line-rate="0.0" branch-rate="1.0" complexity="0">
							<lines>
								<line number="77" hits="0" branch="false"/>
							</lines>
						</method>
					</methods>
					<lines>
						<line number="1" hits="2" branch="false"/>
						<line number="49" hits="0" branch="false"/>
						<line number="50" hits="0" branch="true" condition-coverage="0% (0/20)">
							<conditions>
								<condition number="0" type="jump" coverage="0%"/>
								<condition number="1" type="jump" coverage="0%"/>
								<condition number="2" type="jump" coverage="0%"/>
								<condition number="3" type="jump" coverage="0%"/>
								<condition number="4" type="jump" coverage="0%"/>
								<condition number="5" type="jump" coverage="0%"/>
								<condition number="6" type="jump" coverage="0%"/>
								<condition number="7" type="jump" coverage="0%"/>
								<condition number="8" type="jump" coverage="0%"/>
								<condition number="9" type="jump" coverage="0%"/>
							</conditions>
						</line>
						<line number="53" hits="2" branch="false"/>
						<line number="70" hits="5" branch="false"/>
						<line number="71" hits="5" branch="false"/>
						<line number="72" hits="5" branch="false"/>
						<line number="73" hits="5" branch="false"/>
						<line number="77" hits="0" branch="false"/>
						<line number="82" hits="0" branch="false"/>
						<line number="87" hits="0" branch="false"/>
						<line number="92" hits="2" branch="false"/>
						<line number="97" hits="6" branch="false"/>
						<line number="100" hits="3" branch="false"/>
						<line number="101" hits="1" branch="false"/>
						<line number="102" hits="1" branch="false"/>
						<line number="109" hits="2" branch="false"/>
						<line number="110" hits="2" branch="false"/>
						<line number="111" hits="2" branch="false"/>
						<line number="117" hits="0" branch="false"/>
						<line number="118" hits="0" branch="false"/>
						<line number="119" hits="0" branch="false"/>
						<line number="120" hits="0" branch="false"/>
						<line number="125" hits="0" branch="false"/>
						<line number="126" hits="0" branch="false"/>
						<line number="133" hits="0" branch="false"/>
						<line number="134" hits="0" branch="false"/>
						<line number="138" hits="2" branch="false"/>
						<line number="150" hits="0" branch="false"/>
					</lines>
				</class>
				<class name="com.jcabi.s3.AwsBucket$1" filename="com/jcabi/s3/AwsBucket.java" line-rate="1.0" branch-rate="1.0" complexity="1.4">
					<methods>
						<method name="&lt;init&gt;" signature="(Lcom/jcabi/s3/AwsBucket;Ljava/lang/String;)V" line-rate="1.0" branch-rate="1.0" complexity="0">
							<lines>
								<line number="138" hits="1" branch="false"/>
							</lines>
						</method>
						<method name="iterator" signature="()Ljava/util/Iterator;" line-rate="1.0" branch-rate="1.0" complexity="0">
							<lines>
								<line number="141" hits="1" branch="false"/>
							</lines>
						</method>
					</methods>
					<lines>
						<line number="138" hits="1" branch="false"/>
						<line number="141" hits="1" branch="false"/>
					</lines>
				</class>
				<class name="com.jcabi.s3.AwsBucket$AjcClosure1" filename="com/jcabi/s3/AwsBucket.java" line-rate="0.0" branch-rate="1.0" complexity="1.4">
					<methods>
						<method name="&lt;init&gt;" signature="([Ljava/lang/Object;)V" line-rate="1.0" branch-rate="1.0" complexity="0">
							<lines>
							</lines>
						</method>
						<method name="run" signature="([Ljava/lang/Object;)Ljava/lang/Object;" line-rate="0.0" branch-rate="1.0" complexity="0">
							<lines>
								<line number="1" hits="0" branch="false"/>
							</lines>
						</method>
					</methods>
					<lines>
						<line number="1" hits="0" branch="false"/>
					</lines>
				</class>
				<class name="com.jcabi.s3.AwsBucket$AjcClosure11" filename="com/jcabi/s3/AwsBucket.java" line-rate="1.0" branch-rate="1.0" complexity="1.4">
					<methods>
						<method name="&lt;init&gt;" signature="([Ljava/lang/Object;)V" line-rate="1.0" branch-rate="1.0" complexity="0">
							<lines>
							</lines>
						</method>
						<method name="run" signature="([Ljava/lang/Object;)Ljava/lang/Object;" line-rate="1.0" branch-rate="1.0" complexity="0">
							<lines>
								<line number="1" hits="2" branch="false"/>
							</lines>
						</method>
					</methods>
					<lines>
						<line number="1" hits="2" branch="false"/>
					</lines>
				</class>
				<class name="com.jcabi.s3.AwsBucket$AjcClosure13" filename="com/jcabi/s3/AwsBucket.java" line-rate="0.0" branch-rate="1.0" complexity="1.4">
					<methods>
						<method name="&lt;init&gt;" signature="([Ljava/lang/Object;)V" line-rate="1.0" branch-rate="1.0" complexity="0">
							<lines>
							</lines>
						</method>
						<method name="run" signature="([Ljava/lang/Object;)Ljava/lang/Object;" line-rate="0.0" branch-rate="1.0" complexity="0">
							<lines>
								<line number="1" hits="0" branch="false"/>
							</lines>
						</method>
					</methods>
					<lines>
						<line number="1" hits="0" branch="false"/>
					</lines>
				</class>
				<class name="com.jcabi.s3.AwsBucket$AjcClosure3" filename="com/jcabi/s3/AwsBucket.java" line-rate="0.0" branch-rate="1.0" complexity="1.4">
					<methods>
						<method name="&lt;init&gt;" signature="([Ljava/lang/Object;)V" line-rate="1.0" branch-rate="1.0" complexity="0">
							<lines>
							</lines>
						</method>
						<method name="run" signature="([Ljava/lang/Object;)Ljava/lang/Object;" line-rate="0.0" branch-rate="1.0" complexity="0">
							<lines>
								<line number="1" hits="0" branch="false"/>
							</lines>
						</method>
					</methods>
					<lines>
						<line number="1" hits="0" branch="false"/>
					</lines>
				</class>
				<class name="com.jcabi.s3.AwsBucket$AjcClosure5" filename="com/jcabi/s3/AwsBucket.java" line-rate="1.0" branch-rate="1.0" complexity="1.4">
					<methods>
						<method name="&lt;init&gt;" signature="([Ljava/lang/Object;)V" line-rate="1.0" branch-rate="1.0" complexity="0">
							<lines>
							</lines>
						</method>
						<method name="run" signature="([Ljava/lang/Object;)Ljava/lang/Object;" line-rate="1.0" branch-rate="1.0" complexity="0">
							<lines>
								<line number="1" hits="2" branch="false"/>
							</lines>
						</method>
					</methods>
					<lines>
						<line number="1" hits="2" branch="false"/>
					</lines>
				</class>
				<class name="com.jcabi.s3.AwsBucket$AjcClosure7" filename="com/jcabi/s3/AwsBucket.java" line-rate="1.0" branch-rate="1.0" complexity="1.4">
					<methods>
						<method name="&lt;init&gt;" signature="([Ljava/lang/Object;)V" line-rate="1.0" branch-rate="1.0" complexity="0">
							<lines>
							</lines>
						</method>
						<method name="run" signature="([Ljava/lang/Object;)Ljava/lang/Object;" line-rate="1.0" branch-rate="1.0" complexity="0">
							<lines>
								<line number="1" hits="6" branch="false"/>
							</lines>
						</method>
					</methods>
					<lines>
						<line number="1" hits="6" branch="false"/>
					</lines>
				</class>
				<class name="com.jcabi.s3.AwsBucket$AjcClosure9" filename="com/jcabi/s3/AwsBucket.java" line-rate="0.0" branch-rate="1.0" complexity="1.4">
					<methods>
						<method name="&lt;init&gt;" signature="([Ljava/lang/Object;)V" line-rate="1.0" branch-rate="1.0" complexity="0">
							<lines>
							</lines>
						</method>
						<method name="run" signature="([Ljava/lang/Object;)Ljava/lang/Object;" line-rate="0.0" branch-rate="1.0" complexity="0">
							<lines>
								<line number="1" hits="0" branch="false"/>
							</lines>
						</method>
					</methods>
					<lines>
						<line number="1" hits="0" branch="false"/>
					</lines>
				</class>
				<class name="com.jcabi.s3.AwsListIterator" filename="com/jcabi/s3/AwsListIterator.java" line-rate="0.84" branch-rate="0.9166666666666666" complexity="3.0">
					<methods>
						<method name="&lt;init&gt;" signature="(Lcom/jcabi/s3/Region;Ljava/lang/String;Ljava/lang/String;)V" line-rate="1.0" branch-rate="1.0" complexity="0">
							<lines>
								<line number="84" hits="1" branch="false"/>
								<line number="85" hits="1" branch="false"/>
								<line number="86" hits="1" branch="false"/>
								<line number="87" hits="1" branch="false"/>
								<line number="88" hits="1" branch="false"/>
							</lines>
						</method>
						<method name="hasNext" signature="()Z" line-rate="1.0" branch-rate="1.0" complexity="0">
							<lines>
								<line number="92" hits="5" branch="true" condition-coverage="100% (6/6)">
									<conditions>
										<condition number="0" type="jump" coverage="100%"/>
										<condition number="1" type="jump" coverage="100%"/>
										<condition number="2" type="jump" coverage="100%"/>
									</conditions>
								</line>
								<line number="94" hits="2" branch="false"/>
								<line number="96" hits="5" branch="true" condition-coverage="100% (2/2)">
									<conditions>
										<condition number="0" type="jump" coverage="100%"/>
									</conditions>
								</line>
							</lines>
						</method>
						<method name="load" signature="()Ljava/util/List;" line-rate="0.8333333333333334" branch-rate="1.0" complexity="0">
							<lines>
								<line number="120" hits="2" branch="false"/>
								<line number="121" hits="2" branch="false"/>
								<line number="122" hits="2" branch="false"/>
								<line number="128" hits="2" branch="false"/>
								<line number="129" hits="2" branch="false"/>
								<line number="131" hits="2" branch="true" condition-coverage="100% (2/2)">
									<conditions>
										<condition number="0" type="jump" coverage="100%"/>
									</conditions>
								</line>
								<line number="132" hits="2" branch="false"/>
								<line number="133" hits="2" branch="false"/>
								<line number="134" hits="2" branch="false"/>
								<line number="140" hits="2" branch="false"/>
								<line number="141" hits="0" branch="false"/>
								<line number="142" hits="0" branch="false"/>
							</lines>
						</method>
						<method name="next" signature="()Ljava/lang/Object;" line-rate="1.0" branch-rate="1.0" complexity="0">
							<lines>
								<line number="49" hits="2" branch="false"/>
							</lines>
						</method>
						<method name="next" signature="()Ljava/lang/String;" line-rate="0.6666666666666666" branch-rate="0.5" complexity="0">
							<lines>
								<line number="101" hits="2" branch="true" condition-coverage="50% (1/2)">
									<conditions>
										<condition number="0" type="jump" coverage="50%"/>
									</conditions>
								</line>
								<line number="102" hits="0" branch="false"/>
								<line number="106" hits="2" branch="false"/>
							</lines>
						</method>
						<method name="remove" signature="()V" line-rate="0.0" branch-rate="1.0" complexity="0">
							<lines>
								<line number="111" hits="0" branch="false"/>
							</lines>
						</method>
					</methods>
					<lines>
						<line number="49" hits="2" branch="false"/>
						<line number="84" hits="1" branch="false"/>
						<line number="85" hits="1" branch="false"/>
						<line number="86" hits="1" branch="false"/>
						<line number="87" hits="1" branch="false"/>
						<line number="88" hits="1" branch="false"/>
						<line number="92" hits="5" branch="true" condition-coverage="100% (6/6)">
							<conditions>
								<condition number="0" type="jump" coverage="100%"/>
								<condition number="1" type="jump" coverage="100%"/>
								<condition number="2" type="jump" coverage="100%"/>
							</conditions>
						</line>
						<line number="94" hits="2" branch="false"/>
						<line number="96" hits="5" branch="true" condition-coverage="100% (2/2)">
							<conditions>
								<condition number="0" type="jump" coverage="100%"/>
							</conditions>
						</line>
						<line number="101" hits="2" branch="true" condition-coverage="50% (1/2)">
							<conditions>
								<condition number="0" type="jump" coverage="50%"/>
							</conditions>
						</line>
						<line number="102" hits="0" branch="false"/>
						<line number="106" hits="2" branch="false"/>
						<line number="111" hits="0" branch="false"/>
						<line number="120" hits="2" branch="false"/>
						<line number="121" hits="2" branch="false"/>
						<line number="122" hits="2" branch="false"/>
						<line number="128" hits="2" branch="false"/>
						<line number="129" hits="2" branch="false"/>
						<line number="131" hits="2" branch="true" condition-coverage="100% (2/2)">
							<conditions>
								<condition number="0" type="jump" coverage="100%"/>
							</conditions>
						</line>
						<line number="132" hits="2" branch="false"/>
						<line number="133" hits="2" branch="false"/>
						<line number="134" hits="2" branch="false"/>
						<line number="140" hits="2" branch="false"/>
						<line number="141" hits="0" branch="false"/>
						<line number="142" hits="0" branch="false"/>
					</lines>
				</class>
				<class name="com.jcabi.s3.AwsOcket" filename="com/jcabi/s3/AwsOcket.java" line-rate="0.543859649122807" branch-rate="0.0" complexity="2.7777777777777777">
					<methods>
						<method name="&lt;clinit&gt;" signature="()V" line-rate="1.0" branch-rate="1.0" complexity="0">
							<lines>
							</lines>
						</method>
						<method name="&lt;init&gt;" signature="(Lcom/jcabi/s3/Bucket;Ljava/lang/String;)V" line-rate="1.0" branch-rate="1.0" complexity="0">
							<lines>
								<line number="81" hits="4" branch="false"/>
								<line number="82" hits="4" branch="false"/>
								<line number="83" hits="4" branch="false"/>
								<line number="84" hits="4" branch="false"/>
							</lines>
						</method>
						<method name="ajc$preClinit" signature="()V" line-rate="1.0" branch-rate="1.0" complexity="0">
							<lines>
								<line number="1" hits="2" branch="false"/>
							</lines>
						</method>
						<method name="bucket" signature="()Lcom/jcabi/s3/Bucket;" line-rate="1.0" branch-rate="1.0" complexity="0">
							<lines>
							</lines>
						</method>
						<method name="bucket_aroundBody0" signature="(Lcom/jcabi/s3/AwsOcket;Lorg/aspectj/lang/JoinPoint;)Lcom/jcabi/s3/Bucket;" line-rate="0.0" branch-rate="1.0" complexity="0">
							<lines>
								<line number="93" hits="0" branch="false"/>
							</lines>
						</method>
						<method name="compareTo" signature="(Lcom/jcabi/s3/Ocket;)I" line-rate="1.0" branch-rate="1.0" complexity="0">
							<lines>
							</lines>
						</method>
						<method name="compareTo" signature="(Ljava/lang/Object;)I" line-rate="0.0" branch-rate="1.0" complexity="0">
							<lines>
								<line number="61" hits="0" branch="false"/>
							</lines>
						</method>
						<method name="compareTo_aroundBody12" signature="(Lcom/jcabi/s3/AwsOcket;Lcom/jcabi/s3/Ocket;Lorg/aspectj/lang/JoinPoint;)I" line-rate="0.0" branch-rate="1.0" complexity="0">
							<lines>
								<line number="251" hits="0" branch="false"/>
							</lines>
						</method>
						<method name="equals" signature="(Ljava/lang/Object;)Z" line-rate="1.0" branch-rate="1.0" complexity="0">
							<lines>
							</lines>
						</method>
						<method name="exists" signature="()Z" line-rate="1.0" branch-rate="1.0" complexity="0">
							<lines>
							</lines>
						</method>
						<method name="exists_aroundBody6" signature="(Lcom/jcabi/s3/AwsOcket;Lorg/aspectj/lang/JoinPoint;)Z" line-rate="0.0" branch-rate="0.0" complexity="0">
							<lines>
								<line number="140" hits="0" branch="false"/>
								<line number="141" hits="0" branch="false"/>
								<line number="142" hits="0" branch="false"/>
								<line number="148" hits="0" branch="true" condition-coverage="0% (0/2)">
									<conditions>
										<condition number="0" type="jump" coverage="0%"/>
									</conditions>
								</line>
								<line number="149" hits="0" branch="false"/>
								<line number="156" hits="0" branch="false"/>
								<line number="157" hits="0" branch="false"/>
								<line number="158" hits="0" branch="false"/>
							</lines>
						</method>
						<method name="hashCode" signature="()I" line-rate="0.0" branch-rate="0.0" complexity="0">
							<lines>
								<line number="62" hits="0" branch="true" condition-coverage="0% (0/20)">
									<conditions>
										<condition number="0" type="jump" coverage="0%"/>
										<condition number="1" type="jump" coverage="0%"/>
										<condition number="2" type="jump" coverage="0%"/>
										<condition number="3" type="jump" coverage="0%"/>
										<condition number="4" type="jump" coverage="0%"/>
										<condition number="5" type="jump" coverage="0%"/>
										<condition number="6" type="jump" coverage="0%"/>
										<condition number="7" type="jump" coverage="0%"/>
										<condition number="8" type="jump" coverage="0%"/>
										<condition number="9" type="jump" coverage="0%"/>
									</conditions>
								</line>
							</lines>
						</method>
						<method name="key" signature="()Ljava/lang/String;" line-rate="1.0" branch-rate="1.0" complexity="0">
							<lines>
							</lines>
						</method>
						<method name="key_aroundBody2" signature="(Lcom/jcabi/s3/AwsOcket;Lorg/aspectj/lang/JoinPoint;)Ljava/lang/String;" line-rate="0.0" branch-rate="1.0" complexity="0">
							<lines>
								<line number="98" hits="0" branch="false"/>
							</lines>
						</method>
						<method name="meta" signature="()Lcom/amazonaws/services/s3/model/ObjectMetadata;" line-rate="1.0" branch-rate="1.0" complexity="0">
							<lines>
							</lines>
						</method>
						<method name="meta_aroundBody4" signature="(Lcom/jcabi/s3/AwsOcket;Lorg/aspectj/lang/JoinPoint;)Lcom/amazonaws/services/s3/model/ObjectMetadata;" line-rate="0.5555555555555556" branch-rate="1.0" complexity="0">
							<lines>
								<line number="104" hits="2" branch="false"/>
								<line number="105" hits="1" branch="false"/>
								<line number="106" hits="1" branch="false"/>
								<line number="109" hits="0" branch="false"/>
								<line number="117" hits="0" branch="false"/>
								<line number="118" hits="1" branch="false"/>
								<line number="119" hits="1" branch="false"/>
								<line number="126" hits="0" branch="false"/>
								<line number="127" hits="0" branch="false"/>
							</lines>
						</method>
						<method name="read" signature="(Ljava/io/OutputStream;)V" line-rate="1.0" branch-rate="1.0" complexity="0">
							<lines>
							</lines>
						</method>
						<method name="read_aroundBody8" signature="(Lcom/jcabi/s3/AwsOcket;Ljava/io/OutputStream;Lorg/aspectj/lang/JoinPoint;)V" line-rate="0.6923076923076923" branch-rate="1.0" complexity="0">
							<lines>
								<line number="170" hits="2" branch="false"/>
								<line number="172" hits="1" branch="false"/>
								<line number="173" hits="1" branch="false"/>
								<line number="176" hits="1" branch="false"/>
								<line number="177" hits="1" branch="false"/>
								<line number="178" hits="1" branch="false"/>
								<line number="179" hits="1" branch="false"/>
								<line number="187" hits="0" branch="false"/>
								<line number="188" hits="0" branch="false"/>
								<line number="195" hits="0" branch="false"/>
								<line number="196" hits="0" branch="false"/>
								<line number="203" hits="1" branch="false"/>
								<line number="204" hits="1" branch="false"/>
							</lines>
						</method>
						<method name="toString" signature="()Ljava/lang/String;" line-rate="1.0" branch-rate="1.0" complexity="0">
							<lines>
								<line number="88" hits="1" branch="false"/>
							</lines>
						</method>
						<method name="write" signature="(Ljava/io/InputStream;Lcom/amazonaws/services/s3/model/ObjectMetadata;)V" line-rate="1.0" branch-rate="1.0" complexity="0">
							<lines>
							</lines>
						</method>
						<method name="write_aroundBody10" signature="(Lcom/jcabi/s3/AwsOcket;Ljava/io/InputStream;Lcom/amazonaws/services/s3/model/ObjectMetadata;Lorg/aspectj/lang/JoinPoint;)V" line-rate="0.6875" branch-rate="1.0" complexity="0">
							<lines>
								<line number="209" hits="2" branch="false"/>
								<line number="211" hits="1" branch="false"/>
								<line number="212" hits="1" branch="false"/>
								<line number="213" hits="1" branch="false"/>
								<line number="214" hits="1" branch="false"/>
								<line number="217" hits="1" branch="false"/>
								<line number="218" hits="1" branch="false"/>
								<line number="226" hits="1" branch="false"/>
								<line number="227" hits="0" branch="false"/>
								<line number="228" hits="0" branch="false"/>
								<line number="235" hits="0" branch="false"/>
								<line number="236" hits="0" branch="false"/>
								<line number="237" hits="0" branch="false"/>
								<line number="245" hits="1" branch="false"/>
								<line number="246" hits="1" branch="false"/>
								<line number="247" hits="1" branch="false"/>
							</lines>
						</method>
					</methods>
					<lines>
						<line number="1" hits="2" branch="false"/>
						<line number="61" hits="0" branch="false"/>
						<line number="62" hits="0" branch="true" condition-coverage="0% (0/20)">
							<conditions>
								<condition number="0" type="jump" coverage="0%"/>
								<condition number="1" type="jump" coverage="0%"/>
								<condition number="2" type="jump" coverage="0%"/>
								<condition number="3" type="jump" coverage="0%"/>
								<condition number="4" type="jump" coverage="0%"/>
								<condition number="5" type="jump" coverage="0%"/>
								<condition number="6" type="jump" coverage="0%"/>
								<condition number="7" type="jump" coverage="0%"/>
								<condition number="8" type="jump" coverage="0%"/>
								<condition number="9" type="jump" coverage="0%"/>
							</conditions>
						</line>
						<line number="81" hits="4" branch="false"/>
						<line number="82" hits="4" branch="false"/>
						<line number="83" hits="4" branch="false"/>
						<line number="84" hits="4" branch="false"/>
						<line number="88" hits="1" branch="false"/>
						<line number="93" hits="0" branch="false"/>
						<line number="98" hits="0" branch="false"/>
						<line number="104" hits="2" branch="false"/>
						<line number="105" hits="1" branch="false"/>
						<line number="106" hits="1" branch="false"/>
						<line number="109" hits="0" branch="false"/>
						<line number="117" hits="0" branch="false"/>
						<line number="118" hits="1" branch="false"/>
						<line number="119" hits="1" branch="false"/>
						<line number="126" hits="0" branch="false"/>
						<line number="127" hits="0" branch="false"/>
						<line number="140" hits="0" branch="false"/>
						<line number="141" hits="0" branch="false"/>
						<line number="142" hits="0" branch="false"/>
						<line number="148" hits="0" branch="true" condition-coverage="0% (0/2)">
							<conditions>
								<condition number="0" type="jump" coverage="0%"/>
							</conditions>
						</line>
						<line number="149" hits="0" branch="false"/>
						<line number="156" hits="0" branch="false"/>
						<line number="157" hits="0" branch="false"/>
						<line number="158" hits="0" branch="false"/>
						<line number="170" hits="2" branch="false"/>
						<line number="172" hits="1" branch="false"/>
						<line number="173" hits="1" branch="false"/>
						<line number="176" hits="1" branch="false"/>
						<line number="177" hits="1" branch="false"/>
						<line number="178" hits="1" branch="false"/>
						<line number="179" hits="1" branch="false"/>
						<line number="187" hits="0" branch="false"/>
						<line number="188" hits="0" branch="false"/>
						<line number="195" hits="0" branch="false"/>
						<line number="196" hits="0" branch="false"/>
						<line number="203" hits="1" branch="false"/>
						<line number="204" hits="1" branch="false"/>
						<line number="209" hits="2" branch="false"/>
						<line number="211" hits="1" branch="false"/>
						<line number="212" hits="1" branch="false"/>
						<line number="213" hits="1" branch="false"/>
						<line number="214" hits="1" branch="false"/>
						<line number="217" hits="1" branch="false"/>
						<line number="218" hits="1" branch="false"/>
						<line number="226" hits="1" branch="false"/>
						<line number="227" hits="0" branch="false"/>
						<line number="228" hits="0" branch="false"/>
						<line number="235" hits="0" branch="false"/>
						<line number="236" hits="0" branch="false"/>
						<line number="237" hits="0" branch="false"/>
						<line number="245" hits="1" branch="false"/>
						<line number="246" hits="1" branch="false"/>
						<line number="247" hits="1" branch="false"/>
						<line number="251" hits="0" branch="false"/>
					</lines>
				</class>
				<class name="com.jcabi.s3.AwsOcket$AjcClosure1" filename="com/jcabi/s3/AwsOcket.java" line-rate="0.0" branch-rate="1.0" complexity="2.7777777777777777">
					<methods>
						<method name="&lt;init&gt;" signature="([Ljava/lang/Object;)V" line-rate="1.0" branch-rate="1.0" complexity="0">
							<lines>
							</lines>
						</method>
						<method name="run" signature="([Ljava/lang/Object;)Ljava/lang/Object;" line-rate="0.0" branch-rate="1.0" complexity="0">
							<lines>
								<line number="1" hits="0" branch="false"/>
							</lines>
						</method>
					</methods>
					<lines>
						<line number="1" hits="0" branch="false"/>
					</lines>
				</class>
				<class name="com.jcabi.s3.AwsOcket$AjcClosure11" filename="com/jcabi/s3/AwsOcket.java" line-rate="1.0" branch-rate="1.0" complexity="2.7777777777777777">
					<methods>
						<method name="&lt;init&gt;" signature="([Ljava/lang/Object;)V" line-rate="1.0" branch-rate="1.0" complexity="0">
							<lines>
							</lines>
						</method>
						<method name="run" signature="([Ljava/lang/Object;)Ljava/lang/Object;" line-rate="1.0" branch-rate="1.0" complexity="0">
							<lines>
								<line number="1" hits="2" branch="false"/>
							</lines>
						</method>
					</methods>
					<lines>
						<line number="1" hits="2" branch="false"/>
					</lines>
				</class>
				<class name="com.jcabi.s3.AwsOcket$AjcClosure13" filename="com/jcabi/s3/AwsOcket.java" line-rate="0.0" branch-rate="1.0" complexity="2.7777777777777777">
					<methods>
						<method name="&lt;init&gt;" signature="([Ljava/lang/Object;)V" line-rate="1.0" branch-rate="1.0" complexity="0">
							<lines>
							</lines>
						</method>
						<method name="run" signature="([Ljava/lang/Object;)Ljava/lang/Object;" line-rate="0.0" branch-rate="1.0" complexity="0">
							<lines>
								<line number="1" hits="0" branch="false"/>
							</lines>
						</method>
					</methods>
					<lines>
						<line number="1" hits="0" branch="false"/>
					</lines>
				</class>
				<class name="com.jcabi.s3.AwsOcket$AjcClosure3" filename="com/jcabi/s3/AwsOcket.java" line-rate="0.0" branch-rate="1.0" complexity="2.7777777777777777">
					<methods>
						<method name="&lt;init&gt;" signature="([Ljava/lang/Object;)V" line-rate="1.0" branch-rate="1.0" complexity="0">
							<lines>
							</lines>
						</method>
						<method name="run" signature="([Ljava/lang/Object;)Ljava/lang/Object;" line-rate="0.0" branch-rate="1.0" complexity="0">
							<lines>
								<line number="1" hits="0" branch="false"/>
							</lines>
						</method>
					</methods>
					<lines>
						<line number="1" hits="0" branch="false"/>
					</lines>
				</class>
				<class name="com.jcabi.s3.AwsOcket$AjcClosure5" filename="com/jcabi/s3/AwsOcket.java" line-rate="1.0" branch-rate="1.0" complexity="2.7777777777777777">
					<methods>
						<method name="&lt;init&gt;" signature="([Ljava/lang/Object;)V" line-rate="1.0" branch-rate="1.0" complexity="0">
							<lines>
							</lines>
						</method>
						<method name="run" signature="([Ljava/lang/Object;)Ljava/lang/Object;" line-rate="1.0" branch-rate="1.0" complexity="0">
							<lines>
								<line number="1" hits="2" branch="false"/>
							</lines>
						</method>
					</methods>
					<lines>
						<line number="1" hits="2" branch="false"/>
					</lines>
				</class>
				<class name="com.jcabi.s3.AwsOcket$AjcClosure7" filename="com/jcabi/s3/AwsOcket.java" line-rate="0.0" branch-rate="1.0" complexity="2.7777777777777777">
					<methods>
						<method name="&lt;init&gt;" signature="([Ljava/lang/Object;)V" line-rate="1.0" branch-rate="1.0" complexity="0">
							<lines>
							</lines>
						</method>
						<method name="run" signature="([Ljava/lang/Object;)Ljava/lang/Object;" line-rate="0.0" branch-rate="1.0" complexity="0">
							<lines>
								<line number="1" hits="0" branch="false"/>
							</lines>
						</method>
					</methods>
					<lines>
						<line number="1" hits="0" branch="false"/>
					</lines>
				</class>
				<class name="com.jcabi.s3.AwsOcket$AjcClosure9" filename="com/jcabi/s3/AwsOcket.java" line-rate="1.0" branch-rate="1.0" complexity="2.7777777777777777">
					<methods>
						<method name="&lt;init&gt;" signature="([Ljava/lang/Object;)V" line-rate="1.0" branch-rate="1.0" complexity="0">
							<lines>
							</lines>
						</method>
						<method name="run" signature="([Ljava/lang/Object;)Ljava/lang/Object;" line-rate="1.0" branch-rate="1.0" complexity="0">
							<lines>
								<line number="1" hits="2" branch="false"/>
							</lines>
						</method>
					</methods>
					<lines>
						<line number="1" hits="2" branch="false"/>
					</lines>
				</class>
				<class name="com.jcabi.s3.Bucket" filename="com/jcabi/s3/Bucket.java" line-rate="1.0" branch-rate="1.0" complexity="1.0588235294117647">
					<methods>
					</methods>
					<lines>
					</lines>
				</class>
				<class name="com.jcabi.s3.Bucket$Prefixed" filename="com/jcabi/s3/Bucket.java" line-rate="0.4444444444444444" branch-rate="0.0" complexity="1.0588235294117647">
					<methods>
						<method name="&lt;clinit&gt;" signature="()V" line-rate="1.0" branch-rate="1.0" complexity="0">
							<lines>
							</lines>
						</method>
						<method name="&lt;init&gt;" signature="(Lcom/jcabi/s3/Bucket;Ljava/lang/String;)V" line-rate="1.0" branch-rate="1.0" complexity="0">
							<lines>
								<line number="148" hits="2" branch="false"/>
								<line number="149" hits="2" branch="false"/>
								<line number="150" hits="2" branch="false"/>
								<line number="151" hits="2" branch="false"/>
							</lines>
						</method>
						<method name="access$000" signature="(Lcom/jcabi/s3/Bucket$Prefixed;)Ljava/lang/String;" line-rate="1.0" branch-rate="1.0" complexity="0">
							<lines>
								<line number="134" hits="36" branch="false"/>
							</lines>
						</method>
						<method name="ajc$preClinit" signature="()V" line-rate="1.0" branch-rate="1.0" complexity="0">
							<lines>
								<line number="1" hits="2" branch="false"/>
							</lines>
						</method>
						<method name="compareTo" signature="(Lcom/jcabi/s3/Bucket;)I" line-rate="1.0" branch-rate="1.0" complexity="0">
							<lines>
							</lines>
						</method>
						<method name="compareTo" signature="(Ljava/lang/Object;)I" line-rate="0.0" branch-rate="1.0" complexity="0">
							<lines>
								<line number="130" hits="0" branch="false"/>
							</lines>
						</method>
						<method name="compareTo_aroundBody12" signature="(Lcom/jcabi/s3/Bucket$Prefixed;Lcom/jcabi/s3/Bucket;Lorg/aspectj/lang/JoinPoint;)I" line-rate="0.0" branch-rate="1.0" complexity="0">
							<lines>
								<line number="204" hits="0" branch="false"/>
							</lines>
						</method>
						<method name="equals" signature="(Ljava/lang/Object;)Z" line-rate="1.0" branch-rate="1.0" complexity="0">
							<lines>
							</lines>
						</method>
						<method name="exists" signature="()Z" line-rate="1.0" branch-rate="1.0" complexity="0">
							<lines>
							</lines>
						</method>
						<method name="exists_aroundBody6" signature="(Lcom/jcabi/s3/Bucket$Prefixed;Lorg/aspectj/lang/JoinPoint;)Z" line-rate="0.0" branch-rate="1.0" complexity="0">
							<lines>
								<line number="166" hits="0" branch="false"/>
							</lines>
						</method>
						<method name="extend" signature="(Ljava/lang/String;)Ljava/lang/String;" line-rate="1.0" branch-rate="1.0" complexity="0">
							<lines>
								<line number="212" hits="2" branch="false"/>
							</lines>
						</method>
						<method name="hashCode" signature="()I" line-rate="0.0" branch-rate="0.0" complexity="0">
							<lines>
								<line number="132" hits="0" branch="true" condition-coverage="0% (0/20)">
									<conditions>
										<condition number="0" type="jump" coverage="0%"/>
										<condition number="1" type="jump" coverage="0%"/>
										<condition number="2" type="jump" coverage="0%"/>
										<condition number="3" type="jump" coverage="0%"/>
										<condition number="4" type="jump" coverage="0%"/>
										<condition number="5" type="jump" coverage="0%"/>
										<condition number="6" type="jump" coverage="0%"/>
										<condition number="7" type="jump" coverage="0%"/>
										<condition number="8" type="jump" coverage="0%"/>
										<condition number="9" type="jump" coverage="0%"/>
									</conditions>
								</line>
							</lines>
						</method>
						<method name="list" signature="(Ljava/lang/String;)Ljava/lang/Iterable;" line-rate="1.0" branch-rate="1.0" complexity="0">
							<lines>
							</lines>
						</method>
						<method name="list_aroundBody10" signature="(Lcom/jcabi/s3/Bucket$Prefixed;Ljava/lang/String;Lorg/aspectj/lang/JoinPoint;)Ljava/lang/Iterable;" line-rate="1.0" branch-rate="1.0" complexity="0">
							<lines>
								<line number="174" hits="4" branch="false"/>
							</lines>
						</method>
						<method name="name" signature="()Ljava/lang/String;" line-rate="1.0" branch-rate="1.0" complexity="0">
							<lines>
							</lines>
						</method>
						<method name="name_aroundBody2" signature="(Lcom/jcabi/s3/Bucket$Prefixed;Lorg/aspectj/lang/JoinPoint;)Ljava/lang/String;" line-rate="0.0" branch-rate="1.0" complexity="0">
							<lines>
								<line number="158" hits="0" branch="false"/>
							</lines>
						</method>
						<method name="ocket" signature="(Ljava/lang/String;)Lcom/jcabi/s3/Ocket;" line-rate="1.0" branch-rate="1.0" complexity="0">
							<lines>
							</lines>
						</method>
						<method name="ocket_aroundBody4" signature="(Lcom/jcabi/s3/Bucket$Prefixed;Ljava/lang/String;Lorg/aspectj/lang/JoinPoint;)Lcom/jcabi/s3/Ocket;" line-rate="0.0" branch-rate="1.0" complexity="0">
							<lines>
								<line number="162" hits="0" branch="false"/>
							</lines>
						</method>
						<method name="region" signature="()Lcom/jcabi/s3/Region;" line-rate="1.0" branch-rate="1.0" complexity="0">
							<lines>
							</lines>
						</method>
						<method name="region_aroundBody0" signature="(Lcom/jcabi/s3/Bucket$Prefixed;Lorg/aspectj/lang/JoinPoint;)Lcom/jcabi/s3/Region;" line-rate="0.0" branch-rate="1.0" complexity="0">
							<lines>
								<line number="154" hits="0" branch="false"/>
							</lines>
						</method>
						<method name="remove" signature="(Ljava/lang/String;)V" line-rate="1.0" branch-rate="1.0" complexity="0">
							<lines>
							</lines>
						</method>
						<method name="remove_aroundBody8" signature="(Lcom/jcabi/s3/Bucket$Prefixed;Ljava/lang/String;Lorg/aspectj/lang/JoinPoint;)V" line-rate="0.0" branch-rate="1.0" complexity="0">
							<lines>
								<line number="170" hits="0" branch="false"/>
								<line number="171" hits="0" branch="false"/>
							</lines>
						</method>
						<method name="toString" signature="()Ljava/lang/String;" line-rate="0.0" branch-rate="1.0" complexity="0">
							<lines>
								<line number="131" hits="0" branch="false"/>
							</lines>
						</method>
					</methods>
					<lines>
						<line number="1" hits="2" branch="false"/>
						<line number="130" hits="0" branch="false"/>
						<line number="131" hits="0" branch="false"/>
						<line number="132" hits="0" branch="true" condition-coverage="0% (0/20)">
							<conditions>
								<condition number="0" type="jump" coverage="0%"/>
								<condition number="1" type="jump" coverage="0%"/>
								<condition number="2" type="jump" coverage="0%"/>
								<condition number="3" type="jump" coverage="0%"/>
								<condition number="4" type="jump" coverage="0%"/>
								<condition number="5" type="jump" coverage="0%"/>
								<condition number="6" type="jump" coverage="0%"/>
								<condition number="7" type="jump" coverage="0%"/>
								<condition number="8" type="jump" coverage="0%"/>
								<condition number="9" type="jump" coverage="0%"/>
							</conditions>
						</line>
						<line number="134" hits="36" branch="false"/>
						<line number="148" hits="2" branch="false"/>
						<line number="149" hits="2" branch="false"/>
						<line number="150" hits="2" branch="false"/>
						<line number="151" hits="2" branch="false"/>
						<line number="154" hits="0" branch="false"/>
						<line number="158" hits="0" branch="false"/>
						<line number="162" hits="0" branch="false"/>
						<line number="166" hits="0" branch="false"/>
						<line number="170" hits="0" branch="false"/>
						<line number="171" hits="0" branch="false"/>
						<line number="174" hits="4" branch="false"/>
						<line number="204" hits="0" branch="false"/>
						<line number="212" hits="2" branch="false"/>
					</lines>
				</class>
				<class name="com.jcabi.s3.Bucket$Prefixed$1" filename="com/jcabi/s3/Bucket.java" line-rate="0.8" branch-rate="0.5" complexity="1.0588235294117647">
					<methods>
						<method name="&lt;init&gt;" signature="(Lcom/jcabi/s3/Bucket$Prefixed;)V" line-rate="1.0" branch-rate="1.0" complexity="0">
							<lines>
							</lines>
						</method>
						<method name="apply" signature="(Ljava/lang/Object;)Ljava/lang/Object;" line-rate="1.0" branch-rate="1.0" complexity="0">
							<lines>
								<line number="177" hits="20" branch="false"/>
							</lines>
						</method>
						<method name="apply" signature="(Ljava/lang/String;)Ljava/lang/String;" line-rate="0.75" branch-rate="0.5" complexity="0">
							<lines>
								<line number="181" hits="18" branch="true" condition-coverage="50% (1/2)">
									<conditions>
										<condition number="0" type="jump" coverage="50%"/>
									</conditions>
								</line>
								<line number="183" hits="0" branch="false"/>
								<line number="185" hits="18" branch="false"/>
								<line number="189" hits="18" branch="false"/>
							</lines>
						</method>
					</methods>
					<lines>
						<line number="177" hits="20" branch="false"/>
						<line number="181" hits="18" branch="true" condition-coverage="50% (1/2)">
							<conditions>
								<condition number="0" type="jump" coverage="50%"/>
							</conditions>
						</line>
						<line number="183" hits="0" branch="false"/>
						<line number="185" hits="18" branch="false"/>
						<line number="189" hits="18" branch="false"/>
					</lines>
				</class>
				<class name="com.jcabi.s3.Bucket$Prefixed$2" filename="com/jcabi/s3/Bucket.java" line-rate="1.0" branch-rate="0.5" complexity="1.0588235294117647">
					<methods>
						<method name="&lt;init&gt;" signature="(Lcom/jcabi/s3/Bucket$Prefixed;)V" line-rate="1.0" branch-rate="1.0" complexity="0">
							<lines>
							</lines>
						</method>
						<method name="apply" signature="(Ljava/lang/Object;)Z" line-rate="1.0" branch-rate="1.0" complexity="0">
							<lines>
								<line number="193" hits="20" branch="false"/>
							</lines>
						</method>
						<method name="apply" signature="(Ljava/lang/String;)Z" line-rate="1.0" branch-rate="0.5" complexity="0">
							<lines>
								<line number="196" hits="18" branch="true" condition-coverage="50% (1/2)">
									<conditions>
										<condition number="0" type="jump" coverage="50%"/>
									</conditions>
								</line>
							</lines>
						</method>
					</methods>
					<lines>
						<line number="193" hits="20" branch="false"/>
						<line number="196" hits="18" branch="true" condition-coverage="50% (1/2)">
							<conditions>
								<condition number="0" type="jump" coverage="50%"/>
							</conditions>
						</line>
					</lines>
				</class>
				<class name="com.jcabi.s3.Bucket$Prefixed$AjcClosure1" filename="com/jcabi/s3/Bucket.java" line-rate="0.0" branch-rate="1.0" complexity="1.0588235294117647">
					<methods>
						<method name="&lt;init&gt;" signature="([Ljava/lang/Object;)V" line-rate="1.0" branch-rate="1.0" complexity="0">
							<lines>
							</lines>
						</method>
						<method name="run" signature="([Ljava/lang/Object;)Ljava/lang/Object;" line-rate="0.0" branch-rate="1.0" complexity="0">
							<lines>
								<line number="1" hits="0" branch="false"/>
							</lines>
						</method>
					</methods>
					<lines>
						<line number="1" hits="0" branch="false"/>
					</lines>
				</class>
				<class name="com.jcabi.s3.Bucket$Prefixed$AjcClosure11" filename="com/jcabi/s3/Bucket.java" line-rate="1.0" branch-rate="1.0" complexity="1.0588235294117647">
					<methods>
						<method name="&lt;init&gt;" signature="([Ljava/lang/Object;)V" line-rate="1.0" branch-rate="1.0" complexity="0">
							<lines>
							</lines>
						</method>
						<method name="run" signature="([Ljava/lang/Object;)Ljava/lang/Object;" line-rate="1.0" branch-rate="1.0" complexity="0">
							<lines>
								<line number="1" hits="4" branch="false"/>
							</lines>
						</method>
					</methods>
					<lines>
						<line number="1" hits="4" branch="false"/>
					</lines>
				</class>
				<class name="com.jcabi.s3.Bucket$Prefixed$AjcClosure13" filename="com/jcabi/s3/Bucket.java" line-rate="0.0" branch-rate="1.0" complexity="1.0588235294117647">
					<methods>
						<method name="&lt;init&gt;" signature="([Ljava/lang/Object;)V" line-rate="1.0" branch-rate="1.0" complexity="0">
							<lines>
							</lines>
						</method>
						<method name="run" signature="([Ljava/lang/Object;)Ljava/lang/Object;" line-rate="0.0" branch-rate="1.0" complexity="0">
							<lines>
								<line number="1" hits="0" branch="false"/>
							</lines>
						</method>
					</methods>
					<lines>
						<line number="1" hits="0" branch="false"/>
					</lines>
				</class>
				<class name="com.jcabi.s3.Bucket$Prefixed$AjcClosure3" filename="com/jcabi/s3/Bucket.java" line-rate="0.0" branch-rate="1.0" complexity="1.0588235294117647">
					<methods>
						<method name="&lt;init&gt;" signature="([Ljava/lang/Object;)V" line-rate="1.0" branch-rate="1.0" complexity="0">
							<lines>
							</lines>
						</method>
						<method name="run" signature="([Ljava/lang/Object;)Ljava/lang/Object;" line-rate="0.0" branch-rate="1.0" complexity="0">
							<lines>
								<line number="1" hits="0" branch="false"/>
							</lines>
						</method>
					</methods>
					<lines>
						<line number="1" hits="0" branch="false"/>
					</lines>
				</class>
				<class name="com.jcabi.s3.Bucket$Prefixed$AjcClosure5" filename="com/jcabi/s3/Bucket.java" line-rate="0.0" branch-rate="1.0" complexity="1.0588235294117647">
					<methods>
						<method name="&lt;init&gt;" signature="([Ljava/lang/Object;)V" line-rate="1.0" branch-rate="1.0" complexity="0">
							<lines>
							</lines>
						</method>
						<method name="run" signature="([Ljava/lang/Object;)Ljava/lang/Object;" line-rate="0.0" branch-rate="1.0" complexity="0">
							<lines>
								<line number="1" hits="0" branch="false"/>
							</lines>
						</method>
					</methods>
					<lines>
						<line number="1" hits="0" branch="false"/>
					</lines>
				</class>
				<class name="com.jcabi.s3.Bucket$Prefixed$AjcClosure7" filename="com/jcabi/s3/Bucket.java" line-rate="0.0" branch-rate="1.0" complexity="1.0588235294117647">
					<methods>
						<method name="&lt;init&gt;" signature="([Ljava/lang/Object;)V" line-rate="1.0" branch-rate="1.0" complexity="0">
							<lines>
							</lines>
						</method>
						<method name="run" signature="([Ljava/lang/Object;)Ljava/lang/Object;" line-rate="0.0" branch-rate="1.0" complexity="0">
							<lines>
								<line number="1" hits="0" branch="false"/>
							</lines>
						</method>
					</methods>
					<lines>
						<line number="1" hits="0" branch="false"/>
					</lines>
				</class>
				<class name="com.jcabi.s3.Bucket$Prefixed$AjcClosure9" filename="com/jcabi/s3/Bucket.java" line-rate="0.0" branch-rate="1.0" complexity="1.0588235294117647">
					<methods>
						<method name="&lt;init&gt;" signature="([Ljava/lang/Object;)V" line-rate="1.0" branch-rate="1.0" complexity="0">
							<lines>
							</lines>
						</method>
						<method name="run" signature="([Ljava/lang/Object;)Ljava/lang/Object;" line-rate="0.0" branch-rate="1.0" complexity="0">
							<lines>
								<line number="1" hits="0" branch="false"/>
							</lines>
						</method>
					</methods>
					<lines>
						<line number="1" hits="0" branch="false"/>
					</lines>
				</class>
				<class name="com.jcabi.s3.Ocket" filename="com/jcabi/s3/Ocket.java" line-rate="1.0" branch-rate="1.0" complexity="1.0416666666666667">
					<methods>
					</methods>
					<lines>
					</lines>
				</class>
				<class name="com.jcabi.s3.Ocket$Empty" filename="com/jcabi/s3/Ocket.java" line-rate="0.0" branch-rate="0.0" complexity="1.0416666666666667">
					<methods>
						<method name="&lt;clinit&gt;" signature="()V" line-rate="1.0" branch-rate="1.0" complexity="0">
							<lines>
							</lines>
						</method>
						<method name="&lt;init&gt;" signature="()V" line-rate="0.0" branch-rate="1.0" complexity="0">
							<lines>
								<line number="215" hits="0" branch="false"/>
							</lines>
						</method>
						<method name="ajc$preClinit" signature="()V" line-rate="0.0" branch-rate="1.0" complexity="0">
							<lines>
								<line number="1" hits="0" branch="false"/>
							</lines>
						</method>
						<method name="bucket" signature="()Lcom/jcabi/s3/Bucket;" line-rate="1.0" branch-rate="1.0" complexity="0">
							<lines>
							</lines>
						</method>
						<method name="bucket_aroundBody0" signature="(Lcom/jcabi/s3/Ocket$Empty;Lorg/aspectj/lang/JoinPoint;)Lcom/jcabi/s3/Bucket;" line-rate="0.0" branch-rate="1.0" complexity="0">
							<lines>
								<line number="218" hits="0" branch="false"/>
							</lines>
						</method>
						<method name="compareTo" signature="(Lcom/jcabi/s3/Ocket;)I" line-rate="1.0" branch-rate="1.0" complexity="0">
							<lines>
							</lines>
						</method>
						<method name="compareTo" signature="(Ljava/lang/Object;)I" line-rate="0.0" branch-rate="1.0" complexity="0">
							<lines>
								<line number="211" hits="0" branch="false"/>
							</lines>
						</method>
						<method name="compareTo_aroundBody12" signature="(Lcom/jcabi/s3/Ocket$Empty;Lcom/jcabi/s3/Ocket;Lorg/aspectj/lang/JoinPoint;)I" line-rate="0.0" branch-rate="1.0" complexity="0">
							<lines>
								<line number="242" hits="0" branch="false"/>
							</lines>
						</method>
						<method name="equals" signature="(Ljava/lang/Object;)Z" line-rate="1.0" branch-rate="1.0" complexity="0">
							<lines>
							</lines>
						</method>
						<method name="exists" signature="()Z" line-rate="1.0" branch-rate="1.0" complexity="0">
							<lines>
							</lines>
						</method>
						<method name="exists_aroundBody6" signature="(Lcom/jcabi/s3/Ocket$Empty;Lorg/aspectj/lang/JoinPoint;)Z" line-rate="0.0" branch-rate="1.0" complexity="0">
							<lines>
								<line number="230" hits="0" branch="false"/>
							</lines>
						</method>
						<method name="hashCode" signature="()I" line-rate="0.0" branch-rate="0.0" complexity="0">
							<lines>
								<line number="213" hits="0" branch="true" condition-coverage="0% (0/4)">
									<conditions>
										<condition number="0" type="jump" coverage="0%"/>
										<condition number="1" type="jump" coverage="0%"/>
									</conditions>
								</line>
							</lines>
						</method>
						<method name="key" signature="()Ljava/lang/String;" line-rate="1.0" branch-rate="1.0" complexity="0">
							<lines>
							</lines>
						</method>
						<method name="key_aroundBody2" signature="(Lcom/jcabi/s3/Ocket$Empty;Lorg/aspectj/lang/JoinPoint;)Ljava/lang/String;" line-rate="0.0" branch-rate="1.0" complexity="0">
							<lines>
								<line number="222" hits="0" branch="false"/>
							</lines>
						</method>
						<method name="meta" signature="()Lcom/amazonaws/services/s3/model/ObjectMetadata;" line-rate="1.0" branch-rate="1.0" complexity="0">
							<lines>
							</lines>
						</method>
						<method name="meta_aroundBody4" signature="(Lcom/jcabi/s3/Ocket$Empty;Lorg/aspectj/lang/JoinPoint;)Lcom/amazonaws/services/s3/model/ObjectMetadata;" line-rate="0.0" branch-rate="1.0" complexity="0">
							<lines>
								<line number="226" hits="0" branch="false"/>
							</lines>
						</method>
						<method name="read" signature="(Ljava/io/OutputStream;)V" line-rate="1.0" branch-rate="1.0" complexity="0">
							<lines>
							</lines>
						</method>
						<method name="read_aroundBody8" signature="(Lcom/jcabi/s3/Ocket$Empty;Ljava/io/OutputStream;Lorg/aspectj/lang/JoinPoint;)V" line-rate="0.0" branch-rate="1.0" complexity="0">
							<lines>
								<line number="235" hits="0" branch="false"/>
							</lines>
						</method>
						<method name="toString" signature="()Ljava/lang/String;" line-rate="0.0" branch-rate="1.0" complexity="0">
							<lines>
								<line number="212" hits="0" branch="false"/>
							</lines>
						</method>
						<method name="write" signature="(Ljava/io/InputStream;Lcom/amazonaws/services/s3/model/ObjectMetadata;)V" line-rate="1.0" branch-rate="1.0" complexity="0">
							<lines>
							</lines>
						</method>
						<method name="write_aroundBody10" signature="(Lcom/jcabi/s3/Ocket$Empty;Ljava/io/InputStream;Lcom/amazonaws/services/s3/model/ObjectMetadata;Lorg/aspectj/lang/JoinPoint;)V" line-rate="0.0" branch-rate="1.0" complexity="0">
							<lines>
								<line number="239" hits="0" branch="false"/>
							</lines>
						</method>
					</methods>
					<lines>
						<line number="1" hits="0" branch="false"/>
						<line number="211" hits="0" branch="false"/>
						<line number="212" hits="0" branch="false"/>
						<line number="213" hits="0" branch="true" condition-coverage="0% (0/4)">
							<conditions>
								<condition number="0" type="jump" coverage="0%"/>
								<condition number="1" type="jump" coverage="0%"/>
							</conditions>
						</line>
						<line number="215" hits="0" branch="false"/>
						<line number="218" hits="0" branch="false"/>
						<line number="222" hits="0" branch="false"/>
						<line number="226" hits="0" branch="false"/>
						<line number="230" hits="0" branch="false"/>
						<line number="235" hits="0" branch="false"/>
						<line number="239" hits="0" branch="false"/>
						<line number="242" hits="0" branch="false"/>
					</lines>
				</class>
				<class name="com.jcabi.s3.Ocket$Empty$AjcClosure1" filename="com/jcabi/s3/Ocket.java" line-rate="0.0" branch-rate="1.0" complexity="1.0416666666666667">
					<methods>
						<method name="&lt;init&gt;" signature="([Ljava/lang/Object;)V" line-rate="1.0" branch-rate="1.0" complexity="0">
							<lines>
							</lines>
						</method>
						<method name="run" signature="([Ljava/lang/Object;)Ljava/lang/Object;" line-rate="0.0" branch-rate="1.0" complexity="0">
							<lines>
								<line number="1" hits="0" branch="false"/>
							</lines>
						</method>
					</methods>
					<lines>
						<line number="1" hits="0" branch="false"/>
					</lines>
				</class>
				<class name="com.jcabi.s3.Ocket$Empty$AjcClosure11" filename="com/jcabi/s3/Ocket.java" line-rate="0.0" branch-rate="1.0" complexity="1.0416666666666667">
					<methods>
						<method name="&lt;init&gt;" signature="([Ljava/lang/Object;)V" line-rate="1.0" branch-rate="1.0" complexity="0">
							<lines>
							</lines>
						</method>
						<method name="run" signature="([Ljava/lang/Object;)Ljava/lang/Object;" line-rate="0.0" branch-rate="1.0" complexity="0">
							<lines>
								<line number="1" hits="0" branch="false"/>
							</lines>
						</method>
					</methods>
					<lines>
						<line number="1" hits="0" branch="false"/>
					</lines>
				</class>
				<class name="com.jcabi.s3.Ocket$Empty$AjcClosure13" filename="com/jcabi/s3/Ocket.java" line-rate="0.0" branch-rate="1.0" complexity="1.0416666666666667">
					<methods>
						<method name="&lt;init&gt;" signature="([Ljava/lang/Object;)V" line-rate="1.0" branch-rate="1.0" complexity="0">
							<lines>
							</lines>
						</method>
						<method name="run" signature="([Ljava/lang/Object;)Ljava/lang/Object;" line-rate="0.0" branch-rate="1.0" complexity="0">
							<lines>
								<line number="1" hits="0" branch="false"/>
							</lines>
						</method>
					</methods>
					<lines>
						<line number="1" hits="0" branch="false"/>
					</lines>
				</class>
				<class name="com.jcabi.s3.Ocket$Empty$AjcClosure3" filename="com/jcabi/s3/Ocket.java" line-rate="0.0" branch-rate="1.0" complexity="1.0416666666666667">
					<methods>
						<method name="&lt;init&gt;" signature="([Ljava/lang/Object;)V" line-rate="1.0" branch-rate="1.0" complexity="0">
							<lines>
							</lines>
						</method>
						<method name="run" signature="([Ljava/lang/Object;)Ljava/lang/Object;" line-rate="0.0" branch-rate="1.0" complexity="0">
							<lines>
								<line number="1" hits="0" branch="false"/>
							</lines>
						</method>
					</methods>
					<lines>
						<line number="1" hits="0" branch="false"/>
					</lines>
				</class>
				<class name="com.jcabi.s3.Ocket$Empty$AjcClosure5" filename="com/jcabi/s3/Ocket.java" line-rate="0.0" branch-rate="1.0" complexity="1.0416666666666667">
					<methods>
						<method name="&lt;init&gt;" signature="([Ljava/lang/Object;)V" line-rate="1.0" branch-rate="1.0" complexity="0">
							<lines>
							</lines>
						</method>
						<method name="run" signature="([Ljava/lang/Object;)Ljava/lang/Object;" line-rate="0.0" branch-rate="1.0" complexity="0">
							<lines>
								<line number="1" hits="0" branch="false"/>
							</lines>
						</method>
					</methods>
					<lines>
						<line number="1" hits="0" branch="false"/>
					</lines>
				</class>
				<class name="com.jcabi.s3.Ocket$Empty$AjcClosure7" filename="com/jcabi/s3/Ocket.java" line-rate="0.0" branch-rate="1.0" complexity="1.0416666666666667">
					<methods>
						<method name="&lt;init&gt;" signature="([Ljava/lang/Object;)V" line-rate="1.0" branch-rate="1.0" complexity="0">
							<lines>
							</lines>
						</method>
						<method name="run" signature="([Ljava/lang/Object;)Ljava/lang/Object;" line-rate="0.0" branch-rate="1.0" complexity="0">
							<lines>
								<line number="1" hits="0" branch="false"/>
							</lines>
						</method>
					</methods>
					<lines>
						<line number="1" hits="0" branch="false"/>
					</lines>
				</class>
				<class name="com.jcabi.s3.Ocket$Empty$AjcClosure9" filename="com/jcabi/s3/Ocket.java" line-rate="0.0" branch-rate="1.0" complexity="1.0416666666666667">
					<methods>
						<method name="&lt;init&gt;" signature="([Ljava/lang/Object;)V" line-rate="1.0" branch-rate="1.0" complexity="0">
							<lines>
							</lines>
						</method>
						<method name="run" signature="([Ljava/lang/Object;)Ljava/lang/Object;" line-rate="0.0" branch-rate="1.0" complexity="0">
							<lines>
								<line number="1" hits="0" branch="false"/>
							</lines>
						</method>
					</methods>
					<lines>
						<line number="1" hits="0" branch="false"/>
					</lines>
				</class>
				<class name="com.jcabi.s3.Ocket$Text" filename="com/jcabi/s3/Ocket.java" line-rate="0.5925925925925926" branch-rate="0.0" complexity="1.0416666666666667">
					<methods>
						<method name="&lt;clinit&gt;" signature="()V" line-rate="1.0" branch-rate="1.0" complexity="0">
							<lines>
							</lines>
						</method>
						<method name="&lt;init&gt;" signature="(Lcom/jcabi/s3/Ocket;)V" line-rate="1.0" branch-rate="1.0" complexity="0">
							<lines>
								<line number="139" hits="12" branch="false"/>
								<line number="140" hits="12" branch="false"/>
								<line number="141" hits="12" branch="false"/>
							</lines>
						</method>
						<method name="ajc$preClinit" signature="()V" line-rate="1.0" branch-rate="1.0" complexity="0">
							<lines>
								<line number="1" hits="2" branch="false"/>
							</lines>
						</method>
						<method name="bucket" signature="()Lcom/jcabi/s3/Bucket;" line-rate="1.0" branch-rate="1.0" complexity="0">
							<lines>
							</lines>
						</method>
						<method name="bucket_aroundBody6" signature="(Lcom/jcabi/s3/Ocket$Text;Lorg/aspectj/lang/JoinPoint;)Lcom/jcabi/s3/Bucket;" line-rate="0.0" branch-rate="1.0" complexity="0">
							<lines>
								<line number="179" hits="0" branch="false"/>
							</lines>
						</method>
						<method name="compareTo" signature="(Lcom/jcabi/s3/Ocket;)I" line-rate="1.0" branch-rate="1.0" complexity="0">
							<lines>
							</lines>
						</method>
						<method name="compareTo" signature="(Ljava/lang/Object;)I" line-rate="0.0" branch-rate="1.0" complexity="0">
							<lines>
								<line number="126" hits="0" branch="false"/>
							</lines>
						</method>
						<method name="compareTo_aroundBody18" signature="(Lcom/jcabi/s3/Ocket$Text;Lcom/jcabi/s3/Ocket;Lorg/aspectj/lang/JoinPoint;)I" line-rate="0.0" branch-rate="1.0" complexity="0">
							<lines>
								<line number="204" hits="0" branch="false"/>
							</lines>
						</method>
						<method name="equals" signature="(Ljava/lang/Object;)Z" line-rate="1.0" branch-rate="1.0" complexity="0">
							<lines>
							</lines>
						</method>
						<method name="exists" signature="()Z" line-rate="1.0" branch-rate="1.0" complexity="0">
							<lines>
							</lines>
						</method>
						<method name="exists_aroundBody12" signature="(Lcom/jcabi/s3/Ocket$Text;Lorg/aspectj/lang/JoinPoint;)Z" line-rate="0.0" branch-rate="1.0" complexity="0">
							<lines>
								<line number="191" hits="0" branch="false"/>
							</lines>
						</method>
						<method name="hashCode" signature="()I" line-rate="0.0" branch-rate="0.0" complexity="0">
							<lines>
								<line number="128" hits="0" branch="true" condition-coverage="0% (0/12)">
									<conditions>
										<condition number="0" type="jump" coverage="0%"/>
										<condition number="1" type="jump" coverage="0%"/>
										<condition number="2" type="jump" coverage="0%"/>
										<condition number="3" type="jump" coverage="0%"/>
										<condition number="4" type="jump" coverage="0%"/>
										<condition number="5" type="jump" coverage="0%"/>
									</conditions>
								</line>
							</lines>
						</method>
						<method name="key" signature="()Ljava/lang/String;" line-rate="1.0" branch-rate="1.0" complexity="0">
							<lines>
							</lines>
						</method>
						<method name="key_aroundBody8" signature="(Lcom/jcabi/s3/Ocket$Text;Lorg/aspectj/lang/JoinPoint;)Ljava/lang/String;" line-rate="0.0" branch-rate="1.0" complexity="0">
							<lines>
								<line number="183" hits="0" branch="false"/>
							</lines>
						</method>
						<method name="meta" signature="()Lcom/amazonaws/services/s3/model/ObjectMetadata;" line-rate="1.0" branch-rate="1.0" complexity="0">
							<lines>
							</lines>
						</method>
						<method name="meta_aroundBody10" signature="(Lcom/jcabi/s3/Ocket$Text;Lorg/aspectj/lang/JoinPoint;)Lcom/amazonaws/services/s3/model/ObjectMetadata;" line-rate="1.0" branch-rate="1.0" complexity="0">
							<lines>
								<line number="187" hits="4" branch="false"/>
							</lines>
						</method>
						<method name="read" signature="()Ljava/lang/String;" line-rate="1.0" branch-rate="1.0" complexity="0">
							<lines>
							</lines>
						</method>
						<method name="read" signature="(Ljava/io/OutputStream;)V" line-rate="1.0" branch-rate="1.0" complexity="0">
							<lines>
							</lines>
						</method>
						<method name="read_aroundBody0" signature="(Lcom/jcabi/s3/Ocket$Text;Lorg/aspectj/lang/JoinPoint;)Ljava/lang/String;" line-rate="1.0" branch-rate="1.0" complexity="0">
							<lines>
								<line number="148" hits="2" branch="false"/>
								<line number="149" hits="1" branch="false"/>
								<line number="150" hits="1" branch="false"/>
							</lines>
						</method>
						<method name="read_aroundBody14" signature="(Lcom/jcabi/s3/Ocket$Text;Ljava/io/OutputStream;Lorg/aspectj/lang/JoinPoint;)V" line-rate="0.0" branch-rate="1.0" complexity="0">
							<lines>
								<line number="195" hits="0" branch="false"/>
								<line number="196" hits="0" branch="false"/>
							</lines>
						</method>
						<method name="toString" signature="()Ljava/lang/String;" line-rate="0.0" branch-rate="1.0" complexity="0">
							<lines>
								<line number="127" hits="0" branch="false"/>
							</lines>
						</method>
						<method name="write" signature="(Ljava/io/InputStream;Lcom/amazonaws/services/s3/model/ObjectMetadata;)V" line-rate="1.0" branch-rate="1.0" complexity="0">
							<lines>
							</lines>
						</method>
						<method name="write" signature="(Ljava/lang/String;)V" line-rate="1.0" branch-rate="1.0" complexity="0">
							<lines>
							</lines>
						</method>
						<method name="write" signature="(Ljava/lang/String;Ljava/lang/String;)V" line-rate="1.0" branch-rate="1.0" complexity="0">
							<lines>
							</lines>
						</method>
						<method name="write_aroundBody16" signature="(Lcom/jcabi/s3/Ocket$Text;Ljava/io/InputStream;Lcom/amazonaws/services/s3/model/ObjectMetadata;Lorg/aspectj/lang/JoinPoint;)V" line-rate="0.0" branch-rate="1.0" complexity="0">
							<lines>
								<line number="200" hits="0" branch="false"/>
								<line number="201" hits="0" branch="false"/>
							</lines>
						</method>
						<method name="write_aroundBody2" signature="(Lcom/jcabi/s3/Ocket$Text;Ljava/lang/String;Lorg/aspectj/lang/JoinPoint;)V" line-rate="1.0" branch-rate="1.0" complexity="0">
							<lines>
								<line number="158" hits="18" branch="false"/>
								<line number="159" hits="9" branch="false"/>
							</lines>
						</method>
						<method name="write_aroundBody4" signature="(Lcom/jcabi/s3/Ocket$Text;Ljava/lang/String;Ljava/lang/String;Lorg/aspectj/lang/JoinPoint;)V" line-rate="1.0" branch-rate="1.0" complexity="0">
							<lines>
								<line number="168" hits="18" branch="false"/>
								<line number="169" hits="9" branch="false"/>
								<line number="170" hits="9" branch="false"/>
								<line number="171" hits="9" branch="false"/>
								<line number="172" hits="9" branch="false"/>
								<line number="176" hits="9" branch="false"/>
							</lines>
						</method>
					</methods>
					<lines>
						<line number="1" hits="2" branch="false"/>
						<line number="126" hits="0" branch="false"/>
						<line number="127" hits="0" branch="false"/>
						<line number="128" hits="0" branch="true" condition-coverage="0% (0/12)">
							<conditions>
								<condition number="0" type="jump" coverage="0%"/>
								<condition number="1" type="jump" coverage="0%"/>
								<condition number="2" type="jump" coverage="0%"/>
								<condition number="3" type="jump" coverage="0%"/>
								<condition number="4" type="jump" coverage="0%"/>
								<condition number="5" type="jump" coverage="0%"/>
							</conditions>
						</line>
						<line number="139" hits="12" branch="false"/>
						<line number="140" hits="12" branch="false"/>
						<line number="141" hits="12" branch="false"/>
						<line number="148" hits="2" branch="false"/>
						<line number="149" hits="1" branch="false"/>
						<line number="150" hits="1" branch="false"/>
						<line number="158" hits="18" branch="false"/>
						<line number="159" hits="9" branch="false"/>
						<line number="168" hits="18" branch="false"/>
						<line number="169" hits="9" branch="false"/>
						<line number="170" hits="9" branch="false"/>
						<line number="171" hits="9" branch="false"/>
						<line number="172" hits="9" branch="false"/>
						<line number="176" hits="9" branch="false"/>
						<line number="179" hits="0" branch="false"/>
						<line number="183" hits="0" branch="false"/>
						<line number="187" hits="4" branch="false"/>
						<line number="191" hits="0" branch="false"/>
						<line number="195" hits="0" branch="false"/>
						<line number="196" hits="0" branch="false"/>
						<line number="200" hits="0" branch="false"/>
						<line number="201" hits="0" branch="false"/>
						<line number="204" hits="0" branch="false"/>
					</lines>
				</class>
				<class name="com.jcabi.s3.Ocket$Text$AjcClosure1" filename="com/jcabi/s3/Ocket.java" line-rate="1.0" branch-rate="1.0" complexity="1.0416666666666667">
					<methods>
						<method name="&lt;init&gt;" signature="([Ljava/lang/Object;)V" line-rate="1.0" branch-rate="1.0" complexity="0">
							<lines>
							</lines>
						</method>
						<method name="run" signature="([Ljava/lang/Object;)Ljava/lang/Object;" line-rate="1.0" branch-rate="1.0" complexity="0">
							<lines>
								<line number="1" hits="2" branch="false"/>
							</lines>
						</method>
					</methods>
					<lines>
						<line number="1" hits="2" branch="false"/>
					</lines>
				</class>
				<class name="com.jcabi.s3.Ocket$Text$AjcClosure11" filename="com/jcabi/s3/Ocket.java" line-rate="1.0" branch-rate="1.0" complexity="1.0416666666666667">
					<methods>
						<method name="&lt;init&gt;" signature="([Ljava/lang/Object;)V" line-rate="1.0" branch-rate="1.0" complexity="0">
							<lines>
							</lines>
						</method>
						<method name="run" signature="([Ljava/lang/Object;)Ljava/lang/Object;" line-rate="1.0" branch-rate="1.0" complexity="0">
							<lines>
								<line number="1" hits="4" branch="false"/>
							</lines>
						</method>
					</methods>
					<lines>
						<line number="1" hits="4" branch="false"/>
					</lines>
				</class>
				<class name="com.jcabi.s3.Ocket$Text$AjcClosure13" filename="com/jcabi/s3/Ocket.java" line-rate="0.0" branch-rate="1.0" complexity="1.0416666666666667">
					<methods>
						<method name="&lt;init&gt;" signature="([Ljava/lang/Object;)V" line-rate="1.0" branch-rate="1.0" complexity="0">
							<lines>
							</lines>
						</method>
						<method name="run" signature="([Ljava/lang/Object;)Ljava/lang/Object;" line-rate="0.0" branch-rate="1.0" complexity="0">
							<lines>
								<line number="1" hits="0" branch="false"/>
							</lines>
						</method>
					</methods>
					<lines>
						<line number="1" hits="0" branch="false"/>
					</lines>
				</class>
				<class name="com.jcabi.s3.Ocket$Text$AjcClosure15" filename="com/jcabi/s3/Ocket.java" line-rate="0.0" branch-rate="1.0" complexity="1.0416666666666667">
					<methods>
						<method name="&lt;init&gt;" signature="([Ljava/lang/Object;)V" line-rate="1.0" branch-rate="1.0" complexity="0">
							<lines>
							</lines>
						</method>
						<method name="run" signature="([Ljava/lang/Object;)Ljava/lang/Object;" line-rate="0.0" branch-rate="1.0" complexity="0">
							<lines>
								<line number="1" hits="0" branch="false"/>
							</lines>
						</method>
					</methods>
					<lines>
						<line number="1" hits="0" branch="false"/>
					</lines>
				</class>
				<class name="com.jcabi.s3.Ocket$Text$AjcClosure17" filename="com/jcabi/s3/Ocket.java" line-rate="0.0" branch-rate="1.0" complexity="1.0416666666666667">
					<methods>
						<method name="&lt;init&gt;" signature="([Ljava/lang/Object;)V" line-rate="1.0" branch-rate="1.0" complexity="0">
							<lines>
							</lines>
						</method>
						<method name="run" signature="([Ljava/lang/Object;)Ljava/lang/Object;" line-rate="0.0" branch-rate="1.0" complexity="0">
							<lines>
								<line number="1" hits="0" branch="false"/>
							</lines>
						</method>
					</methods>
					<lines>
						<line number="1" hits="0" branch="false"/>
					</lines>
				</class>
				<class name="com.jcabi.s3.Ocket$Text$AjcClosure19" filename="com/jcabi/s3/Ocket.java" line-rate="0.0" branch-rate="1.0" complexity="1.0416666666666667">
					<methods>
						<method name="&lt;init&gt;" signature="([Ljava/lang/Object;)V" line-rate="1.0" branch-rate="1.0" complexity="0">
							<lines>
							</lines>
						</method>
						<method name="run" signature="([Ljava/lang/Object;)Ljava/lang/Object;" line-rate="0.0" branch-rate="1.0" complexity="0">
							<lines>
								<line number="1" hits="0" branch="false"/>
							</lines>
						</method>
					</methods>
					<lines>
						<line number="1" hits="0" branch="false"/>
					</lines>
				</class>
				<class name="com.jcabi.s3.Ocket$Text$AjcClosure3" filename="com/jcabi/s3/Ocket.java" line-rate="1.0" branch-rate="1.0" complexity="1.0416666666666667">
					<methods>
						<method name="&lt;init&gt;" signature="([Ljava/lang/Object;)V" line-rate="1.0" branch-rate="1.0" complexity="0">
							<lines>
							</lines>
						</method>
						<method name="run" signature="([Ljava/lang/Object;)Ljava/lang/Object;" line-rate="1.0" branch-rate="1.0" complexity="0">
							<lines>
								<line number="1" hits="18" branch="false"/>
							</lines>
						</method>
					</methods>
					<lines>
						<line number="1" hits="18" branch="false"/>
					</lines>
				</class>
				<class name="com.jcabi.s3.Ocket$Text$AjcClosure5" filename="com/jcabi/s3/Ocket.java" line-rate="1.0" branch-rate="1.0" complexity="1.0416666666666667">
					<methods>
						<method name="&lt;init&gt;" signature="([Ljava/lang/Object;)V" line-rate="1.0" branch-rate="1.0" complexity="0">
							<lines>
							</lines>
						</method>
						<method name="run" signature="([Ljava/lang/Object;)Ljava/lang/Object;" line-rate="1.0" branch-rate="1.0" complexity="0">
							<lines>
								<line number="1" hits="18" branch="false"/>
							</lines>
						</method>
					</methods>
					<lines>
						<line number="1" hits="18" branch="false"/>
					</lines>
				</class>
				<class name="com.jcabi.s3.Ocket$Text$AjcClosure7" filename="com/jcabi/s3/Ocket.java" line-rate="0.0" branch-rate="1.0" complexity="1.0416666666666667">
					<methods>
						<method name="&lt;init&gt;" signature="([Ljava/lang/Object;)V" line-rate="1.0" branch-rate="1.0" complexity="0">
							<lines>
							</lines>
						</method>
						<method name="run" signature="([Ljava/lang/Object;)Ljava/lang/Object;" line-rate="0.0" branch-rate="1.0" complexity="0">
							<lines>
								<line number="1" hits="0" branch="false"/>
							</lines>
						</method>
					</methods>
					<lines>
						<line number="1" hits="0" branch="false"/>
					</lines>
				</class>
				<class name="com.jcabi.s3.Ocket$Text$AjcClosure9" filename="com/jcabi/s3/Ocket.java" line-rate="0.0" branch-rate="1.0" complexity="1.0416666666666667">
					<methods>
						<method name="&lt;init&gt;" signature="([Ljava/lang/Object;)V" line-rate="1.0" branch-rate="1.0" complexity="0">
							<lines>
							</lines>
						</method>
						<method name="run" signature="([Ljava/lang/Object;)Ljava/lang/Object;" line-rate="0.0" branch-rate="1.0" complexity="0">
							<lines>
								<line number="1" hits="0" branch="false"/>
							</lines>
						</method>
					</methods>
					<lines>
						<line number="1" hits="0" branch="false"/>
					</lines>
				</class>
				<class name="com.jcabi.s3.OcketNotFoundException" filename="com/jcabi/s3/OcketNotFoundException.java" line-rate="1.0" branch-rate="1.0" complexity="1.0">
					<methods>
						<method name="&lt;init&gt;" signature="(Ljava/lang/String;Lcom/amazonaws/services/s3/model/AmazonS3Exception;)V" line-rate="1.0" branch-rate="1.0" complexity="0">
							<lines>
								<line number="56" hits="1" branch="false"/>
								<line number="57" hits="1" branch="false"/>
							</lines>
						</method>
					</methods>
					<lines>
						<line number="56" hits="1" branch="false"/>
						<line number="57" hits="1" branch="false"/>
					</lines>
				</class>
				<class name="com.jcabi.s3.Region" filename="com/jcabi/s3/Region.java" line-rate="1.0" branch-rate="1.0" complexity="1.0">
					<methods>
					</methods>
					<lines>
					</lines>
				</class>
				<class name="com.jcabi.s3.Region$Simple" filename="com/jcabi/s3/Region.java" line-rate="0.0" branch-rate="0.0" complexity="1.0">
					<methods>
						<method name="&lt;clinit&gt;" signature="()V" line-rate="1.0" branch-rate="1.0" complexity="0">
							<lines>
							</lines>
						</method>
						<method name="&lt;init&gt;" signature="(Ljava/lang/String;Ljava/lang/String;)V" line-rate="0.0" branch-rate="1.0" complexity="0">
							<lines>
								<line number="91" hits="0" branch="false"/>
								<line number="92" hits="0" branch="false"/>
								<line number="93" hits="0" branch="false"/>
								<line number="94" hits="0" branch="false"/>
							</lines>
						</method>
						<method name="ajc$preClinit" signature="()V" line-rate="0.0" branch-rate="1.0" complexity="0">
							<lines>
								<line number="1" hits="0" branch="false"/>
							</lines>
						</method>
						<method name="aws" signature="()Lcom/amazonaws/services/s3/AmazonS3;" line-rate="1.0" branch-rate="1.0" complexity="0">
[...]
					<methods>
						<method name="&lt;init&gt;" signature="([Ljava/lang/Object;)V" line-rate="1.0" branch-rate="1.0" complexity="0">
							<lines>
							</lines>
						</method>
						<method name="run" signature="([Ljava/lang/Object;)Ljava/lang/Object;" line-rate="0.0" branch-rate="1.0" complexity="0">
							<lines>
								<line number="1" hits="0" branch="false"/>
							</lines>
						</method>
					</methods>
					<lines>
						<line number="1" hits="0" branch="false"/>
					</lines>
				</class>
				<class name="com.jcabi.s3.retry.ReOcket" filename="com/jcabi/s3/retry/ReOcket.java" line-rate="0.0" branch-rate="0.0" complexity="1.0">
					<methods>
						<method name="&lt;clinit&gt;" signature="()V" line-rate="1.0" branch-rate="1.0" complexity="0">
							<lines>
							</lines>
						</method>
						<method name="&lt;init&gt;" signature="(Lcom/jcabi/s3/Ocket;)V" line-rate="0.0" branch-rate="1.0" complexity="0">
							<lines>
								<line number="64" hits="0" branch="false"/>
								<line number="65" hits="0" branch="false"/>
								<line number="66" hits="0" branch="false"/>
							</lines>
						</method>
						<method name="ajc$preClinit" signature="()V" line-rate="0.0" branch-rate="1.0" complexity="0">
							<lines>
								<line number="1" hits="0" branch="false"/>
							</lines>
						</method>
						<method name="bucket" signature="()Lcom/jcabi/s3/Bucket;" line-rate="1.0" branch-rate="1.0" complexity="0">
							<lines>
							</lines>
						</method>
						<method name="bucket_aroundBody0" signature="(Lcom/jcabi/s3/retry/ReOcket;Lorg/aspectj/lang/JoinPoint;)Lcom/jcabi/s3/Bucket;" line-rate="0.0" branch-rate="1.0" complexity="0">
							<lines>
								<line number="70" hits="0" branch="false"/>
							</lines>
						</method>
						<method name="compareTo" signature="(Lcom/jcabi/s3/Ocket;)I" line-rate="1.0" branch-rate="1.0" complexity="0">
							<lines>
							</lines>
						</method>
						<method name="compareTo" signature="(Ljava/lang/Object;)I" line-rate="0.0" branch-rate="1.0" complexity="0">
							<lines>
								<line number="50" hits="0" branch="false"/>
							</lines>
						</method>
						<method name="compareTo_aroundBody20" signature="(Lcom/jcabi/s3/retry/ReOcket;Lcom/jcabi/s3/Ocket;Lorg/aspectj/lang/JoinPoint;)I" line-rate="0.0" branch-rate="1.0" complexity="0">
							<lines>
								<line number="105" hits="0" branch="false"/>
							</lines>
						</method>
						<method name="equals" signature="(Ljava/lang/Object;)Z" line-rate="1.0" branch-rate="1.0" complexity="0">
							<lines>
							</lines>
						</method>
						<method name="exists" signature="()Z" line-rate="1.0" branch-rate="1.0" complexity="0">
							<lines>
							</lines>
						</method>
						<method name="exists_aroundBody10" signature="(Lcom/jcabi/s3/retry/ReOcket;Lorg/aspectj/lang/JoinPoint;)Z" line-rate="0.0" branch-rate="1.0" complexity="0">
							<lines>
								<line number="87" hits="0" branch="false"/>
							</lines>
						</method>
						<method name="exists_aroundBody8" signature="(Lcom/jcabi/s3/retry/ReOcket;Lorg/aspectj/lang/JoinPoint;)Z" line-rate="1.0" branch-rate="1.0" complexity="0">
							<lines>
							</lines>
						</method>
						<method name="hashCode" signature="()I" line-rate="0.0" branch-rate="0.0" complexity="0">
							<lines>
								<line number="51" hits="0" branch="true" condition-coverage="0% (0/12)">
									<conditions>
										<condition number="0" type="jump" coverage="0%"/>
										<condition number="1" type="jump" coverage="0%"/>
										<condition number="2" type="jump" coverage="0%"/>
										<condition number="3" type="jump" coverage="0%"/>
										<condition number="4" type="jump" coverage="0%"/>
										<condition number="5" type="jump" coverage="0%"/>
									</conditions>
								</line>
							</lines>
						</method>
						<method name="key" signature="()Ljava/lang/String;" line-rate="1.0" branch-rate="1.0" complexity="0">
							<lines>
							</lines>
						</method>
						<method name="key_aroundBody2" signature="(Lcom/jcabi/s3/retry/ReOcket;Lorg/aspectj/lang/JoinPoint;)Ljava/lang/String;" line-rate="0.0" branch-rate="1.0" complexity="0">
							<lines>
								<line number="75" hits="0" branch="false"/>
							</lines>
						</method>
						<method name="meta" signature="()Lcom/amazonaws/services/s3/model/ObjectMetadata;" line-rate="1.0" branch-rate="1.0" complexity="0">
							<lines>
							</lines>
						</method>
						<method name="meta_aroundBody4" signature="(Lcom/jcabi/s3/retry/ReOcket;Lorg/aspectj/lang/JoinPoint;)Lcom/amazonaws/services/s3/model/ObjectMetadata;" line-rate="1.0" branch-rate="1.0" complexity="0">
							<lines>
							</lines>
						</method>
						<method name="meta_aroundBody6" signature="(Lcom/jcabi/s3/retry/ReOcket;Lorg/aspectj/lang/JoinPoint;)Lcom/amazonaws/services/s3/model/ObjectMetadata;" line-rate="0.0" branch-rate="1.0" complexity="0">
							<lines>
								<line number="81" hits="0" branch="false"/>
							</lines>
						</method>
						<method name="read" signature="(Ljava/io/OutputStream;)V" line-rate="1.0" branch-rate="1.0" complexity="0">
							<lines>
							</lines>
						</method>
						<method name="read_aroundBody12" signature="(Lcom/jcabi/s3/retry/ReOcket;Ljava/io/OutputStream;Lorg/aspectj/lang/JoinPoint;)V" line-rate="0.0" branch-rate="1.0" complexity="0">
							<lines>
								<line number="94" hits="0" branch="false"/>
							</lines>
						</method>
						<method name="read_aroundBody14" signature="(Lcom/jcabi/s3/retry/ReOcket;Ljava/io/OutputStream;Lorg/aspectj/lang/JoinPoint;)V" line-rate="0.0" branch-rate="1.0" complexity="0">
							<lines>
								<line number="93" hits="0" branch="false"/>
							</lines>
						</method>
						<method name="write" signature="(Ljava/io/InputStream;Lcom/amazonaws/services/s3/model/ObjectMetadata;)V" line-rate="1.0" branch-rate="1.0" complexity="0">
							<lines>
							</lines>
						</method>
						<method name="write_aroundBody16" signature="(Lcom/jcabi/s3/retry/ReOcket;Ljava/io/InputStream;Lcom/amazonaws/services/s3/model/ObjectMetadata;Lorg/aspectj/lang/JoinPoint;)V" line-rate="0.0" branch-rate="1.0" complexity="0">
							<lines>
								<line number="101" hits="0" branch="false"/>
							</lines>
						</method>
						<method name="write_aroundBody18" signature="(Lcom/jcabi/s3/retry/ReOcket;Ljava/io/InputStream;Lcom/amazonaws/services/s3/model/ObjectMetadata;Lorg/aspectj/lang/JoinPoint;)V" line-rate="0.0" branch-rate="1.0" complexity="0">
							<lines>
								<line number="100" hits="0" branch="false"/>
							</lines>
						</method>
					</methods>
					<lines>
						<line number="1" hits="0" branch="false"/>
						<line number="50" hits="0" branch="false"/>
						<line number="51" hits="0" branch="true" condition-coverage="0% (0/12)">
							<conditions>
								<condition number="0" type="jump" coverage="0%"/>
								<condition number="1" type="jump" coverage="0%"/>
								<condition number="2" type="jump" coverage="0%"/>
								<condition number="3" type="jump" coverage="0%"/>
								<condition number="4" type="jump" coverage="0%"/>
								<condition number="5" type="jump" coverage="0%"/>
							</conditions>
						</line>
						<line number="64" hits="0" branch="false"/>
						<line number="65" hits="0" branch="false"/>
						<line number="66" hits="0" branch="false"/>
						<line number="70" hits="0" branch="false"/>
						<line number="75" hits="0" branch="false"/>
						<line number="81" hits="0" branch="false"/>
						<line number="87" hits="0" branch="false"/>
						<line number="93" hits="0" branch="false"/>
						<line number="94" hits="0" branch="false"/>
						<line number="100" hits="0" branch="false"/>
						<line number="101" hits="0" branch="false"/>
						<line number="105" hits="0" branch="false"/>
					</lines>
				</class>
				<class name="com.jcabi.s3.retry.ReOcket$AjcClosure1" filename="com/jcabi/s3/retry/ReOcket.java" line-rate="0.0" branch-rate="1.0" complexity="1.0">
					<methods>
						<method name="&lt;init&gt;" signature="([Ljava/lang/Object;)V" line-rate="1.0" branch-rate="1.0" complexity="0">
							<lines>
							</lines>
						</method>
						<method name="run" signature="([Ljava/lang/Object;)Ljava/lang/Object;" line-rate="0.0" branch-rate="1.0" complexity="0">
							<lines>
								<line number="1" hits="0" branch="false"/>
							</lines>
						</method>
					</methods>
					<lines>
						<line number="1" hits="0" branch="false"/>
					</lines>
				</class>
				<class name="com.jcabi.s3.retry.ReOcket$AjcClosure11" filename="com/jcabi/s3/retry/ReOcket.java" line-rate="0.0" branch-rate="1.0" complexity="1.0">
					<methods>
						<method name="&lt;init&gt;" signature="([Ljava/lang/Object;)V" line-rate="1.0" branch-rate="1.0" complexity="0">
							<lines>
							</lines>
						</method>
						<method name="run" signature="([Ljava/lang/Object;)Ljava/lang/Object;" line-rate="0.0" branch-rate="1.0" complexity="0">
							<lines>
								<line number="1" hits="0" branch="false"/>
							</lines>
						</method>
					</methods>
					<lines>
						<line number="1" hits="0" branch="false"/>
					</lines>
				</class>
				<class name="com.jcabi.s3.retry.ReOcket$AjcClosure13" filename="com/jcabi/s3/retry/ReOcket.java" line-rate="0.0" branch-rate="1.0" complexity="1.0">
					<methods>
						<method name="&lt;init&gt;" signature="([Ljava/lang/Object;)V" line-rate="1.0" branch-rate="1.0" complexity="0">
							<lines>
							</lines>
						</method>
						<method name="run" signature="([Ljava/lang/Object;)Ljava/lang/Object;" line-rate="0.0" branch-rate="1.0" complexity="0">
							<lines>
								<line number="1" hits="0" branch="false"/>
							</lines>
						</method>
					</methods>
					<lines>
						<line number="1" hits="0" branch="false"/>
					</lines>
				</class>
				<class name="com.jcabi.s3.retry.ReOcket$AjcClosure15" filename="com/jcabi/s3/retry/ReOcket.java" line-rate="0.0" branch-rate="1.0" complexity="1.0">
					<methods>
						<method name="&lt;init&gt;" signature="([Ljava/lang/Object;)V" line-rate="1.0" branch-rate="1.0" complexity="0">
							<lines>
							</lines>
						</method>
						<method name="run" signature="([Ljava/lang/Object;)Ljava/lang/Object;" line-rate="0.0" branch-rate="1.0" complexity="0">
							<lines>
								<line number="1" hits="0" branch="false"/>
							</lines>
						</method>
					</methods>
					<lines>
						<line number="1" hits="0" branch="false"/>
					</lines>
				</class>
				<class name="com.jcabi.s3.retry.ReOcket$AjcClosure17" filename="com/jcabi/s3/retry/ReOcket.java" line-rate="0.0" branch-rate="1.0" complexity="1.0">
					<methods>
						<method name="&lt;init&gt;" signature="([Ljava/lang/Object;)V" line-rate="1.0" branch-rate="1.0" complexity="0">
							<lines>
							</lines>
						</method>
						<method name="run" signature="([Ljava/lang/Object;)Ljava/lang/Object;" line-rate="0.0" branch-rate="1.0" complexity="0">
							<lines>
								<line number="1" hits="0" branch="false"/>
							</lines>
						</method>
					</methods>
					<lines>
						<line number="1" hits="0" branch="false"/>
					</lines>
				</class>
				<class name="com.jcabi.s3.retry.ReOcket$AjcClosure19" filename="com/jcabi/s3/retry/ReOcket.java" line-rate="0.0" branch-rate="1.0" complexity="1.0">
					<methods>
						<method name="&lt;init&gt;" signature="([Ljava/lang/Object;)V" line-rate="1.0" branch-rate="1.0" complexity="0">
							<lines>
							</lines>
						</method>
						<method name="run" signature="([Ljava/lang/Object;)Ljava/lang/Object;" line-rate="0.0" branch-rate="1.0" complexity="0">
							<lines>
								<line number="1" hits="0" branch="false"/>
							</lines>
						</method>
					</methods>
					<lines>
						<line number="1" hits="0" branch="false"/>
					</lines>
				</class>
				<class name="com.jcabi.s3.retry.ReOcket$AjcClosure21" filename="com/jcabi/s3/retry/ReOcket.java" line-rate="0.0" branch-rate="1.0" complexity="1.0">
					<methods>
						<method name="&lt;init&gt;" signature="([Ljava/lang/Object;)V" line-rate="1.0" branch-rate="1.0" complexity="0">
							<lines>
							</lines>
						</method>
						<method name="run" signature="([Ljava/lang/Object;)Ljava/lang/Object;" line-rate="0.0" branch-rate="1.0" complexity="0">
							<lines>
								<line number="1" hits="0" branch="false"/>
							</lines>
						</method>
					</methods>
					<lines>
						<line number="1" hits="0" branch="false"/>
					</lines>
				</class>
				<class name="com.jcabi.s3.retry.ReOcket$AjcClosure3" filename="com/jcabi/s3/retry/ReOcket.java" line-rate="0.0" branch-rate="1.0" complexity="1.0">
					<methods>
						<method name="&lt;init&gt;" signature="([Ljava/lang/Object;)V" line-rate="1.0" branch-rate="1.0" complexity="0">
							<lines>
							</lines>
						</method>
						<method name="run" signature="([Ljava/lang/Object;)Ljava/lang/Object;" line-rate="0.0" branch-rate="1.0" complexity="0">
							<lines>
								<line number="1" hits="0" branch="false"/>
							</lines>
						</method>
					</methods>
					<lines>
						<line number="1" hits="0" branch="false"/>
					</lines>
				</class>
				<class name="com.jcabi.s3.retry.ReOcket$AjcClosure5" filename="com/jcabi/s3/retry/ReOcket.java" line-rate="0.0" branch-rate="1.0" complexity="1.0">
					<methods>
						<method name="&lt;init&gt;" signature="([Ljava/lang/Object;)V" line-rate="1.0" branch-rate="1.0" complexity="0">
							<lines>
							</lines>
						</method>
						<method name="run" signature="([Ljava/lang/Object;)Ljava/lang/Object;" line-rate="0.0" branch-rate="1.0" complexity="0">
							<lines>
								<line number="1" hits="0" branch="false"/>
							</lines>
						</method>
					</methods>
					<lines>
						<line number="1" hits="0" branch="false"/>
					</lines>
				</class>
				<class name="com.jcabi.s3.retry.ReOcket$AjcClosure7" filename="com/jcabi/s3/retry/ReOcket.java" line-rate="0.0" branch-rate="1.0" complexity="1.0">
					<methods>
						<method name="&lt;init&gt;" signature="([Ljava/lang/Object;)V" line-rate="1.0" branch-rate="1.0" complexity="0">
							<lines>
							</lines>
						</method>
						<method name="run" signature="([Ljava/lang/Object;)Ljava/lang/Object;" line-rate="0.0" branch-rate="1.0" complexity="0">
							<lines>
								<line number="1" hits="0" branch="false"/>
							</lines>
						</method>
					</methods>
					<lines>
						<line number="1" hits="0" branch="false"/>
					</lines>
				</class>
				<class name="com.jcabi.s3.retry.ReOcket$AjcClosure9" filename="com/jcabi/s3/retry/ReOcket.java" line-rate="0.0" branch-rate="1.0" complexity="1.0">
					<methods>
						<method name="&lt;init&gt;" signature="([Ljava/lang/Object;)V" line-rate="1.0" branch-rate="1.0" complexity="0">
							<lines>
							</lines>
						</method>
						<method name="run" signature="([Ljava/lang/Object;)Ljava/lang/Object;" line-rate="0.0" branch-rate="1.0" complexity="0">
							<lines>
								<line number="1" hits="0" branch="false"/>
							</lines>
						</method>
					</methods>
					<lines>
						<line number="1" hits="0" branch="false"/>
					</lines>
				</class>
				<class name="com.jcabi.s3.retry.ReRegion" filename="com/jcabi/s3/retry/ReRegion.java" line-rate="0.0" branch-rate="0.0" complexity="1.0">
					<methods>
						<method name="&lt;clinit&gt;" signature="()V" line-rate="1.0" branch-rate="1.0" complexity="0">
							<lines>
							</lines>
						</method>
						<method name="&lt;init&gt;" signature="(Lcom/jcabi/s3/Region;)V" line-rate="0.0" branch-rate="1.0" complexity="0">
							<lines>
								<line number="60" hits="0" branch="false"/>
								<line number="61" hits="0" branch="false"/>
								<line number="62" hits="0" branch="false"/>
							</lines>
						</method>
						<method name="ajc$preClinit" signature="()V" line-rate="0.0" branch-rate="1.0" complexity="0">
							<lines>
								<line number="1" hits="0" branch="false"/>
							</lines>
						</method>
						<method name="aws" signature="()Lcom/amazonaws/services/s3/AmazonS3;" line-rate="1.0" branch-rate="1.0" complexity="0">
							<lines>
							</lines>
						</method>
						<method name="aws_aroundBody2" signature="(Lcom/jcabi/s3/retry/ReRegion;Lorg/aspectj/lang/JoinPoint;)Lcom/amazonaws/services/s3/AmazonS3;" line-rate="0.0" branch-rate="1.0" complexity="0">
							<lines>
								<line number="71" hits="0" branch="false"/>
							</lines>
						</method>
						<method name="bucket" signature="(Ljava/lang/String;)Lcom/jcabi/s3/Bucket;" line-rate="1.0" branch-rate="1.0" complexity="0">
							<lines>
							</lines>
						</method>
						<method name="bucket_aroundBody0" signature="(Lcom/jcabi/s3/retry/ReRegion;Ljava/lang/String;Lorg/aspectj/lang/JoinPoint;)Lcom/jcabi/s3/Bucket;" line-rate="0.0" branch-rate="1.0" complexity="0">
							<lines>
								<line number="66" hits="0" branch="false"/>
							</lines>
						</method>
						<method name="equals" signature="(Ljava/lang/Object;)Z" line-rate="1.0" branch-rate="1.0" complexity="0">
							<lines>
							</lines>
						</method>
						<method name="hashCode" signature="()I" line-rate="0.0" branch-rate="0.0" complexity="0">
							<lines>
								<line number="47" hits="0" branch="true" condition-coverage="0% (0/12)">
									<conditions>
										<condition number="0" type="jump" coverage="0%"/>
										<condition number="1" type="jump" coverage="0%"/>
										<condition number="2" type="jump" coverage="0%"/>
										<condition number="3" type="jump" coverage="0%"/>
										<condition number="4" type="jump" coverage="0%"/>
										<condition number="5" type="jump" coverage="0%"/>
									</conditions>
								</line>
							</lines>
						</method>
					</methods>
					<lines>
						<line number="1" hits="0" branch="false"/>
						<line number="47" hits="0" branch="true" condition-coverage="0% (0/12)">
							<conditions>
								<condition number="0" type="jump" coverage="0%"/>
								<condition number="1" type="jump" coverage="0%"/>
								<condition number="2" type="jump" coverage="0%"/>
								<condition number="3" type="jump" coverage="0%"/>
								<condition number="4" type="jump" coverage="0%"/>
								<condition number="5" type="jump" coverage="0%"/>
							</conditions>
						</line>
						<line number="60" hits="0" branch="false"/>
						<line number="61" hits="0" branch="false"/>
						<line number="62" hits="0" branch="false"/>
						<line number="66" hits="0" branch="false"/>
						<line number="71" hits="0" branch="false"/>
					</lines>
				</class>
				<class name="com.jcabi.s3.retry.ReRegion$AjcClosure1" filename="com/jcabi/s3/retry/ReRegion.java" line-rate="0.0" branch-rate="1.0" complexity="1.0">
					<methods>
						<method name="&lt;init&gt;" signature="([Ljava/lang/Object;)V" line-rate="1.0" branch-rate="1.0" complexity="0">
							<lines>
							</lines>
						</method>
						<method name="run" signature="([Ljava/lang/Object;)Ljava/lang/Object;" line-rate="0.0" branch-rate="1.0" complexity="0">
							<lines>
								<line number="1" hits="0" branch="false"/>
							</lines>
						</method>
					</methods>
					<lines>
						<line number="1" hits="0" branch="false"/>
					</lines>
				</class>
				<class name="com.jcabi.s3.retry.ReRegion$AjcClosure3" filename="com/jcabi/s3/retry/ReRegion.java" line-rate="0.0" branch-rate="1.0" complexity="1.0">
					<methods>
						<method name="&lt;init&gt;" signature="([Ljava/lang/Object;)V" line-rate="1.0" branch-rate="1.0" complexity="0">
							<lines>
							</lines>
						</method>
						<method name="run" signature="([Ljava/lang/Object;)Ljava/lang/Object;" line-rate="0.0" branch-rate="1.0" complexity="0">
							<lines>
								<line number="1" hits="0" branch="false"/>
							</lines>
						</method>
					</methods>
					<lines>
						<line number="1" hits="0" branch="false"/>
					</lines>
				</class>
			</classes>
		</package>
	</packages>
</coverage>
